#
# There is insufficient memory for the Java Runtime Environment to continue.
# Native memory allocation (malloc) failed to allocate 1377296 bytes for Chunk::new
# Possible reasons:
#   The system is out of physical RAM or swap space
#   The process is running with CompressedOops enabled, and the Java Heap may be blocking the growth of the native heap
# Possible solutions:
#   Reduce memory load on the system
#   Increase physical memory or swap space
#   Check if swap backing store is full
#   Decrease Java heap size (-Xmx/-Xms)
#   Decrease number of Java threads
#   Decrease Java thread stack sizes (-Xss)
#   Set larger code cache with -XX:ReservedCodeCacheSize=
#   JVM is running with Unscaled Compressed Oops mode in which the Java heap is
#     placed in the first 4GB address space. The Java Heap base address is the
#     maximum limit for the native heap growth. Please use -XX:HeapBaseMinAddress
#     to set the Java Heap base and to place the Java Heap above 4GB virtual address.
# This output file may be truncated or incomplete.
#
#  Out of Memory Error (./src/hotspot/share/memory/arena.cpp:197), pid=9336, tid=908
#
# JRE version: OpenJDK Runtime Environment (11.0.11+9) (build 11.0.11+9-b60-7590822)
# Java VM: OpenJDK 64-Bit Server VM (11.0.11+9-b60-7590822, mixed mode, tiered, compressed oops, g1 gc, windows-amd64)
# No core dump will be written. Minidumps are not enabled by default on client versions of Windows
#

---------------  S U M M A R Y ------------

Command Line: --add-opens=java.base/java.util=ALL-UNNAMED --add-opens=java.base/java.lang=ALL-UNNAMED --add-opens=java.base/java.lang.invoke=ALL-UNNAMED --add-opens=java.base/java.util=ALL-UNNAMED --add-opens=java.prefs/java.util.prefs=ALL-UNNAMED --add-opens=java.prefs/java.util.prefs=ALL-UNNAMED --add-opens=java.base/java.nio.charset=ALL-UNNAMED --add-opens=java.base/java.net=ALL-UNNAMED --add-opens=java.base/java.util.concurrent.atomic=ALL-UNNAMED -Xmx2048m -Dfile.encoding=UTF-8 -Duser.country=IN -Duser.language=en -Duser.variant org.gradle.launcher.daemon.bootstrap.GradleDaemon 7.2

Host: Intel(R) Core(TM) i5-8250U CPU @ 1.60GHz, 8 cores, 7G,  Windows 10 , 64 bit Build 19041 (10.0.19041.1503)
Time: Sun Apr 10 09:44:17 2022 India Standard Time elapsed time: 102.629075 seconds (0d 0h 1m 42s)

---------------  T H R E A D  ---------------

Current thread (0x0000018a5c59c800):  JavaThread "C2 CompilerThread2" daemon [_thread_in_native, id=908, stack(0x0000002a1c400000,0x0000002a1c500000)]


Current CompileTask:
C2: 102629 20445 %     4       com.android.tools.r8.internal.TR0::a @ 2557 (3200 bytes)

Stack: [0x0000002a1c400000,0x0000002a1c500000]
Native frames: (J=compiled Java code, j=interpreted, Vv=VM code, C=native code)
V  [jvm.dll+0x5f214a]
V  [jvm.dll+0x726fb5]
V  [jvm.dll+0x7285cd]
V  [jvm.dll+0x728c83]
V  [jvm.dll+0x243278]
V  [jvm.dll+0xbc53c]
V  [jvm.dll+0xbca3c]
V  [jvm.dll+0x2b5c34]
V  [jvm.dll+0x508488]
V  [jvm.dll+0x203d53]
V  [jvm.dll+0x1fdbac]
V  [jvm.dll+0x1fb35f]
V  [jvm.dll+0x183d6c]
V  [jvm.dll+0x209a57]
V  [jvm.dll+0x2082a1]
V  [jvm.dll+0x6ef58f]
V  [jvm.dll+0x6e80b5]
V  [jvm.dll+0x5f1036]
C  [ucrtbase.dll+0x21bb2]
C  [KERNEL32.DLL+0x17034]
C  [ntdll.dll+0x52651]


---------------  P R O C E S S  ---------------

Threads class SMR info:
_java_thread_list=0x0000018a5d5daf00, length=141, elements={
0x0000018a3e2fc000, 0x0000018a5a741800, 0x0000018a5a74f000, 0x0000018a5a75d000,
0x0000018a5a75d800, 0x0000018a5a762000, 0x0000018a5a76a800, 0x0000018a5a76b800,
0x0000018a5a775000, 0x0000018a5b21d000, 0x0000018a5cfa6800, 0x0000018a5b342800,
0x0000018a5e030800, 0x0000018a5d7b7800, 0x0000018a5d33f800, 0x0000018a5d4aa800,
0x0000018a5cb18800, 0x0000018a5da64800, 0x0000018a5d382000, 0x0000018a5d380000,
0x0000018a5d381000, 0x0000018a5d37f800, 0x0000018a5bdd7800, 0x0000018a5bdd8800,
0x0000018a5bdd9800, 0x0000018a5bdda000, 0x0000018a5bdd4800, 0x0000018a5bddb000,
0x0000018a5bdd5000, 0x0000018a5bdd6000, 0x0000018a5bddc800, 0x0000018a5bde0800,
0x0000018a5bde1800, 0x0000018a5bde2800, 0x0000018a5bddf000, 0x0000018a5bde3000,
0x0000018a5bde0000, 0x0000018a5bddd800, 0x0000018a611a7000, 0x0000018a611a6800,
0x0000018a611a1800, 0x0000018a611a4000, 0x0000018a611a4800, 0x0000018a611a5800,
0x0000018a611a8000, 0x0000018a611a2000, 0x0000018a611a8800, 0x0000018a611a3000,
0x0000018a611ae800, 0x0000018a611ab000, 0x0000018a611aa800, 0x0000018a611ad800,
0x0000018a611ad000, 0x0000018a611af800, 0x0000018a611a9800, 0x0000018a611ac000,
0x0000018a611b0000, 0x0000018a6094d000, 0x0000018a60951000, 0x0000018a60950800,
0x0000018a60953800, 0x0000018a6094f800, 0x0000018a6094e000, 0x0000018a60952000,
0x0000018a60953000, 0x0000018a60954800, 0x0000018a6094e800, 0x0000018a60959800,
0x0000018a60955000, 0x0000018a6095b000, 0x0000018a60958800, 0x0000018a60956000,
0x0000018a60957000, 0x0000018a6095a000, 0x0000018a60957800, 0x0000018a6095c000,
0x0000018a60961000, 0x0000018a60962000, 0x0000018a60963000, 0x0000018a6095e000,
0x0000018a6095e800, 0x0000018a6095f800, 0x0000018a60960800, 0x0000018a6095d000,
0x0000018a60967800, 0x0000018a60965000, 0x0000018a60968800, 0x0000018a60966000,
0x0000018a60969800, 0x0000018a60964800, 0x0000018a60963800, 0x0000018a6096a000,
0x0000018a6096b000, 0x0000018a6096c000, 0x0000018a60967000, 0x0000018a5eb5d800,
0x0000018a5eb5f800, 0x0000018a5eb62000, 0x0000018a5eb5c000, 0x0000018a5eb62800,
0x0000018a5eb5e800, 0x0000018a5eb60000, 0x0000018a5eb61000, 0x0000018a5eb5d000,
0x0000018a5eb66800, 0x0000018a5eb63800, 0x0000018a5eb68800, 0x0000018a5eb64800,
0x0000018a5eb69000, 0x0000018a5eb6a000, 0x0000018a5eb67800, 0x0000018a5eb6b000,
0x0000018a5eb65000, 0x0000018a5eb66000, 0x0000018a60c4d800, 0x0000018a60c49000,
0x0000018a60c48800, 0x0000018a60c50000, 0x0000018a60c4b800, 0x0000018a60c4a000,
0x0000018a60c4c800, 0x0000018a60c52000, 0x0000018a60c51800, 0x0000018a60c54800,
0x0000018a60c57000, 0x0000018a60c53000, 0x0000018a60c54000, 0x0000018a60c55800,
0x0000018a60c56800, 0x0000018a5c595000, 0x0000018a5c596000, 0x0000018a5c597800,
0x0000018a5c593000, 0x0000018a5c59e000, 0x0000018a5c59b000, 0x0000018a5c593800,
0x0000018a5c594800, 0x0000018a5c599800, 0x0000018a5c597000, 0x0000018a5c59d800,
0x0000018a5c59c800
}

Java Threads: ( => current thread )
  0x0000018a3e2fc000 JavaThread "main" [_thread_blocked, id=8592, stack(0x0000002a12b00000,0x0000002a12c00000)]
  0x0000018a5a741800 JavaThread "Reference Handler" daemon [_thread_blocked, id=20608, stack(0x0000002a13200000,0x0000002a13300000)]
  0x0000018a5a74f000 JavaThread "Finalizer" daemon [_thread_blocked, id=21148, stack(0x0000002a13300000,0x0000002a13400000)]
  0x0000018a5a75d000 JavaThread "Signal Dispatcher" daemon [_thread_blocked, id=20004, stack(0x0000002a13400000,0x0000002a13500000)]
  0x0000018a5a75d800 JavaThread "Attach Listener" daemon [_thread_blocked, id=11816, stack(0x0000002a13500000,0x0000002a13600000)]
  0x0000018a5a762000 JavaThread "Service Thread" daemon [_thread_blocked, id=15968, stack(0x0000002a13600000,0x0000002a13700000)]
  0x0000018a5a76a800 JavaThread "C2 CompilerThread0" daemon [_thread_in_native, id=8996, stack(0x0000002a13700000,0x0000002a13800000)]
  0x0000018a5a76b800 JavaThread "C1 CompilerThread0" daemon [_thread_blocked, id=14944, stack(0x0000002a13800000,0x0000002a13900000)]
  0x0000018a5a775000 JavaThread "Sweeper thread" daemon [_thread_blocked, id=9064, stack(0x0000002a13900000,0x0000002a13a00000)]
  0x0000018a5b21d000 JavaThread "Common-Cleaner" daemon [_thread_blocked, id=13600, stack(0x0000002a13a00000,0x0000002a13b00000)]
  0x0000018a5cfa6800 JavaThread "Daemon health stats" [_thread_blocked, id=18656, stack(0x0000002a14000000,0x0000002a14100000)]
  0x0000018a5b342800 JavaThread "Incoming local TCP Connector on port 50338" [_thread_in_native, id=1840, stack(0x0000002a13c00000,0x0000002a13d00000)]
  0x0000018a5e030800 JavaThread "Daemon periodic checks" [_thread_blocked, id=21212, stack(0x0000002a13d00000,0x0000002a13e00000)]
  0x0000018a5d7b7800 JavaThread "Daemon" [_thread_blocked, id=14860, stack(0x0000002a14200000,0x0000002a14300000)]
  0x0000018a5d33f800 JavaThread "Handler for socket connection from /127.0.0.1:50338 to /127.0.0.1:50339" [_thread_in_native, id=18596, stack(0x0000002a14300000,0x0000002a14400000)]
  0x0000018a5d4aa800 JavaThread "Cancel handler" [_thread_blocked, id=15880, stack(0x0000002a14400000,0x0000002a14500000)]
  0x0000018a5cb18800 JavaThread "Daemon worker" [_thread_blocked, id=12068, stack(0x0000002a14500000,0x0000002a14600000)]
  0x0000018a5da64800 JavaThread "Asynchronous log dispatcher for DefaultDaemonConnection: socket connection from /127.0.0.1:50338 to /127.0.0.1:50339" [_thread_blocked, id=16752, stack(0x0000002a14600000,0x0000002a14700000)]
  0x0000018a5d382000 JavaThread "Daemon client event forwarder" [_thread_blocked, id=18052, stack(0x0000002a14800000,0x0000002a14900000)]
  0x0000018a5d380000 JavaThread "Cache worker for journal cache (C:\Users\varun\.gradle\caches\journal-1)" [_thread_blocked, id=17584, stack(0x0000002a14900000,0x0000002a14a00000)]
  0x0000018a5d381000 JavaThread "File lock request listener" [_thread_in_native, id=15668, stack(0x0000002a14a00000,0x0000002a14b00000)]
  0x0000018a5d37f800 JavaThread "Cache worker for file hash cache (C:\Users\varun\.gradle\caches\7.2\fileHashes)" [_thread_blocked, id=8884, stack(0x0000002a14b00000,0x0000002a14c00000)]
  0x0000018a5bdd7800 JavaThread "Cache worker for file hash cache (C:\Users\varun\Desktop\MCAProjects\WhatsAppClone\.gradle\7.2\fileHashes)" [_thread_blocked, id=1060, stack(0x0000002a15200000,0x0000002a15300000)]
  0x0000018a5bdd8800 JavaThread "File watcher server" daemon [_thread_in_native, id=20632, stack(0x0000002a15300000,0x0000002a15400000)]
  0x0000018a5bdd9800 JavaThread "File watcher consumer" daemon [_thread_blocked, id=14788, stack(0x0000002a15400000,0x0000002a15500000)]
  0x0000018a5bdda000 JavaThread "Cache worker for checksums cache (C:\Users\varun\Desktop\MCAProjects\WhatsAppClone\.gradle\checksums)" [_thread_blocked, id=17916, stack(0x0000002a15100000,0x0000002a15200000)]
  0x0000018a5bdd4800 JavaThread "Cache worker for cache directory md-supplier (C:\Users\varun\.gradle\caches\7.2\md-supplier)" [_thread_blocked, id=15896, stack(0x0000002a15500000,0x0000002a15600000)]
  0x0000018a5bddb000 JavaThread "Cache worker for cache directory md-rule (C:\Users\varun\.gradle\caches\7.2\md-rule)" [_thread_blocked, id=17036, stack(0x0000002a15700000,0x0000002a15800000)]
  0x0000018a5bdd5000 JavaThread "Cache worker for execution history cache (C:\Users\varun\.gradle\caches\7.2\executionHistory)" [_thread_blocked, id=7688, stack(0x0000002a15900000,0x0000002a15a00000)]
  0x0000018a5bdd6000 JavaThread "jar transforms" [_thread_blocked, id=8816, stack(0x0000002a15a00000,0x0000002a15b00000)]
  0x0000018a5bddc800 JavaThread "Cache worker for file content cache (C:\Users\varun\.gradle\caches\7.2\fileContent)" [_thread_blocked, id=3904, stack(0x0000002a15b00000,0x0000002a15c00000)]
  0x0000018a5bde0800 JavaThread "jar transforms Thread 2" [_thread_blocked, id=12472, stack(0x0000002a15c00000,0x0000002a15d00000)]
  0x0000018a5bde1800 JavaThread "Cache worker for dependencies-accessors (C:\Users\varun\Desktop\MCAProjects\WhatsAppClone\.gradle\7.2\dependencies-accessors)" [_thread_blocked, id=3568, stack(0x0000002a15d00000,0x0000002a15e00000)]
  0x0000018a5bde2800 JavaThread "jar transforms Thread 3" [_thread_blocked, id=18748, stack(0x0000002a15e00000,0x0000002a15f00000)]
  0x0000018a5bddf000 JavaThread "Cache worker for Build Output Cleanup Cache (C:\Users\varun\Desktop\MCAProjects\WhatsAppClone\.gradle\buildOutputCleanup)" [_thread_blocked, id=6748, stack(0x0000002a15800000,0x0000002a15900000)]
  0x0000018a5bde3000 JavaThread "Unconstrained build operations" [_thread_blocked, id=14856, stack(0x0000002a16000000,0x0000002a16100000)]
  0x0000018a5bde0000 JavaThread "Unconstrained build operations Thread 2" [_thread_blocked, id=20528, stack(0x0000002a16100000,0x0000002a16200000)]
  0x0000018a5bddd800 JavaThread "Unconstrained build operations Thread 3" [_thread_blocked, id=16240, stack(0x0000002a16200000,0x0000002a16300000)]
  0x0000018a611a7000 JavaThread "Unconstrained build operations Thread 4" [_thread_blocked, id=21276, stack(0x0000002a16300000,0x0000002a16400000)]
  0x0000018a611a6800 JavaThread "Unconstrained build operations Thread 5" [_thread_blocked, id=16192, stack(0x0000002a16400000,0x0000002a16500000)]
  0x0000018a611a1800 JavaThread "Unconstrained build operations Thread 6" [_thread_blocked, id=13248, stack(0x0000002a16500000,0x0000002a16600000)]
  0x0000018a611a4000 JavaThread "Unconstrained build operations Thread 7" [_thread_blocked, id=17144, stack(0x0000002a16600000,0x0000002a16700000)]
  0x0000018a611a4800 JavaThread "Unconstrained build operations Thread 8" [_thread_blocked, id=9960, stack(0x0000002a16700000,0x0000002a16800000)]
  0x0000018a611a5800 JavaThread "Unconstrained build operations Thread 9" [_thread_blocked, id=21096, stack(0x0000002a16800000,0x0000002a16900000)]
  0x0000018a611a8000 JavaThread "Unconstrained build operations Thread 10" [_thread_blocked, id=20584, stack(0x0000002a16900000,0x0000002a16a00000)]
  0x0000018a611a2000 JavaThread "Unconstrained build operations Thread 11" [_thread_blocked, id=20184, stack(0x0000002a16a00000,0x0000002a16b00000)]
  0x0000018a611a8800 JavaThread "Unconstrained build operations Thread 12" [_thread_blocked, id=14516, stack(0x0000002a16b00000,0x0000002a16c00000)]
  0x0000018a611a3000 JavaThread "Unconstrained build operations Thread 13" [_thread_blocked, id=13220, stack(0x0000002a16c00000,0x0000002a16d00000)]
  0x0000018a611ae800 JavaThread "Unconstrained build operations Thread 14" [_thread_blocked, id=10988, stack(0x0000002a16d00000,0x0000002a16e00000)]
  0x0000018a611ab000 JavaThread "Unconstrained build operations Thread 15" [_thread_blocked, id=9412, stack(0x0000002a16e00000,0x0000002a16f00000)]
  0x0000018a611aa800 JavaThread "Unconstrained build operations Thread 16" [_thread_blocked, id=12728, stack(0x0000002a16f00000,0x0000002a17000000)]
  0x0000018a611ad800 JavaThread "Unconstrained build operations Thread 17" [_thread_blocked, id=18628, stack(0x0000002a17000000,0x0000002a17100000)]
  0x0000018a611ad000 JavaThread "Unconstrained build operations Thread 18" [_thread_blocked, id=4064, stack(0x0000002a17100000,0x0000002a17200000)]
  0x0000018a611af800 JavaThread "Unconstrained build operations Thread 19" [_thread_blocked, id=12892, stack(0x0000002a17200000,0x0000002a17300000)]
  0x0000018a611a9800 JavaThread "Unconstrained build operations Thread 20" [_thread_blocked, id=13604, stack(0x0000002a17300000,0x0000002a17400000)]
  0x0000018a611ac000 JavaThread "Unconstrained build operations Thread 21" [_thread_blocked, id=13488, stack(0x0000002a17400000,0x0000002a17500000)]
  0x0000018a611b0000 JavaThread "Unconstrained build operations Thread 22" [_thread_blocked, id=1164, stack(0x0000002a17500000,0x0000002a17600000)]
  0x0000018a6094d000 JavaThread "Unconstrained build operations Thread 23" [_thread_blocked, id=16308, stack(0x0000002a17600000,0x0000002a17700000)]
  0x0000018a60951000 JavaThread "Unconstrained build operations Thread 24" [_thread_blocked, id=5532, stack(0x0000002a17700000,0x0000002a17800000)]
  0x0000018a60950800 JavaThread "Unconstrained build operations Thread 25" [_thread_blocked, id=4980, stack(0x0000002a17800000,0x0000002a17900000)]
  0x0000018a60953800 JavaThread "Unconstrained build operations Thread 26" [_thread_blocked, id=3180, stack(0x0000002a17900000,0x0000002a17a00000)]
  0x0000018a6094f800 JavaThread "Unconstrained build operations Thread 27" [_thread_blocked, id=1792, stack(0x0000002a17a00000,0x0000002a17b00000)]
  0x0000018a6094e000 JavaThread "Unconstrained build operations Thread 28" [_thread_blocked, id=21300, stack(0x0000002a17b00000,0x0000002a17c00000)]
  0x0000018a60952000 JavaThread "Unconstrained build operations Thread 29" [_thread_blocked, id=20620, stack(0x0000002a17c00000,0x0000002a17d00000)]
  0x0000018a60953000 JavaThread "Unconstrained build operations Thread 30" [_thread_blocked, id=16628, stack(0x0000002a17d00000,0x0000002a17e00000)]
  0x0000018a60954800 JavaThread "Unconstrained build operations Thread 31" [_thread_blocked, id=5612, stack(0x0000002a17e00000,0x0000002a17f00000)]
  0x0000018a6094e800 JavaThread "Unconstrained build operations Thread 32" [_thread_blocked, id=15784, stack(0x0000002a17f00000,0x0000002a18000000)]
  0x0000018a60959800 JavaThread "Unconstrained build operations Thread 33" [_thread_blocked, id=19572, stack(0x0000002a18000000,0x0000002a18100000)]
  0x0000018a60955000 JavaThread "Unconstrained build operations Thread 34" [_thread_in_Java, id=19644, stack(0x0000002a18100000,0x0000002a18200000)]
  0x0000018a6095b000 JavaThread "Unconstrained build operations Thread 35" [_thread_blocked, id=19924, stack(0x0000002a18200000,0x0000002a18300000)]
  0x0000018a60958800 JavaThread "Unconstrained build operations Thread 36" [_thread_blocked, id=2368, stack(0x0000002a18300000,0x0000002a18400000)]
  0x0000018a60956000 JavaThread "Unconstrained build operations Thread 37" [_thread_blocked, id=8168, stack(0x0000002a18400000,0x0000002a18500000)]
  0x0000018a60957000 JavaThread "Unconstrained build operations Thread 38" [_thread_blocked, id=7616, stack(0x0000002a18500000,0x0000002a18600000)]
  0x0000018a6095a000 JavaThread "Unconstrained build operations Thread 39" [_thread_blocked, id=9220, stack(0x0000002a18600000,0x0000002a18700000)]
  0x0000018a60957800 JavaThread "Unconstrained build operations Thread 40" [_thread_blocked, id=11836, stack(0x0000002a18700000,0x0000002a18800000)]
  0x0000018a6095c000 JavaThread "Unconstrained build operations Thread 41" [_thread_blocked, id=10448, stack(0x0000002a18800000,0x0000002a18900000)]
  0x0000018a60961000 JavaThread "Unconstrained build operations Thread 42" [_thread_blocked, id=5456, stack(0x0000002a18900000,0x0000002a18a00000)]
  0x0000018a60962000 JavaThread "Unconstrained build operations Thread 43" [_thread_blocked, id=19176, stack(0x0000002a18a00000,0x0000002a18b00000)]
  0x0000018a60963000 JavaThread "Unconstrained build operations Thread 44" [_thread_blocked, id=1672, stack(0x0000002a18b00000,0x0000002a18c00000)]
  0x0000018a6095e000 JavaThread "Unconstrained build operations Thread 45" [_thread_blocked, id=19040, stack(0x0000002a18c00000,0x0000002a18d00000)]
  0x0000018a6095e800 JavaThread "Unconstrained build operations Thread 46" [_thread_blocked, id=15844, stack(0x0000002a18d00000,0x0000002a18e00000)]
  0x0000018a6095f800 JavaThread "Unconstrained build operations Thread 47" [_thread_blocked, id=7324, stack(0x0000002a18e00000,0x0000002a18f00000)]
  0x0000018a60960800 JavaThread "Unconstrained build operations Thread 48" [_thread_blocked, id=19656, stack(0x0000002a18f00000,0x0000002a19000000)]
  0x0000018a6095d000 JavaThread "Unconstrained build operations Thread 49" [_thread_blocked, id=12880, stack(0x0000002a19000000,0x0000002a19100000)]
  0x0000018a60967800 JavaThread "Unconstrained build operations Thread 50" [_thread_blocked, id=9136, stack(0x0000002a19100000,0x0000002a19200000)]
  0x0000018a60965000 JavaThread "Unconstrained build operations Thread 51" [_thread_blocked, id=10332, stack(0x0000002a19200000,0x0000002a19300000)]
  0x0000018a60968800 JavaThread "Unconstrained build operations Thread 52" [_thread_blocked, id=19712, stack(0x0000002a19300000,0x0000002a19400000)]
  0x0000018a60966000 JavaThread "Unconstrained build operations Thread 53" [_thread_blocked, id=10908, stack(0x0000002a19400000,0x0000002a19500000)]
  0x0000018a60969800 JavaThread "Unconstrained build operations Thread 54" [_thread_blocked, id=19592, stack(0x0000002a19500000,0x0000002a19600000)]
  0x0000018a60964800 JavaThread "Unconstrained build operations Thread 55" [_thread_blocked, id=10700, stack(0x0000002a19600000,0x0000002a19700000)]
  0x0000018a60963800 JavaThread "Unconstrained build operations Thread 56" [_thread_blocked, id=5968, stack(0x0000002a19700000,0x0000002a19800000)]
  0x0000018a6096a000 JavaThread "Unconstrained build operations Thread 57" [_thread_blocked, id=18388, stack(0x0000002a19800000,0x0000002a19900000)]
  0x0000018a6096b000 JavaThread "Unconstrained build operations Thread 58" [_thread_in_Java, id=14864, stack(0x0000002a19900000,0x0000002a19a00000)]
  0x0000018a6096c000 JavaThread "Unconstrained build operations Thread 59" [_thread_blocked, id=14924, stack(0x0000002a19a00000,0x0000002a19b00000)]
  0x0000018a60967000 JavaThread "Unconstrained build operations Thread 60" [_thread_blocked, id=15452, stack(0x0000002a19b00000,0x0000002a19c00000)]
  0x0000018a5eb5d800 JavaThread "Unconstrained build operations Thread 61" [_thread_blocked, id=6024, stack(0x0000002a19c00000,0x0000002a19d00000)]
  0x0000018a5eb5f800 JavaThread "Unconstrained build operations Thread 62" [_thread_blocked, id=19164, stack(0x0000002a19d00000,0x0000002a19e00000)]
  0x0000018a5eb62000 JavaThread "Unconstrained build operations Thread 63" [_thread_blocked, id=18752, stack(0x0000002a19e00000,0x0000002a19f00000)]
  0x0000018a5eb5c000 JavaThread "Unconstrained build operations Thread 64" [_thread_blocked, id=4876, stack(0x0000002a19f00000,0x0000002a1a000000)]
  0x0000018a5eb62800 JavaThread "Unconstrained build operations Thread 65" [_thread_blocked, id=21244, stack(0x0000002a1a000000,0x0000002a1a100000)]
  0x0000018a5eb5e800 JavaThread "Unconstrained build operations Thread 66" [_thread_blocked, id=12864, stack(0x0000002a1a100000,0x0000002a1a200000)]
  0x0000018a5eb60000 JavaThread "Unconstrained build operations Thread 67" [_thread_blocked, id=6672, stack(0x0000002a1a200000,0x0000002a1a300000)]
  0x0000018a5eb61000 JavaThread "Unconstrained build operations Thread 68" [_thread_blocked, id=18820, stack(0x0000002a1a300000,0x0000002a1a400000)]
  0x0000018a5eb5d000 JavaThread "Unconstrained build operations Thread 69" [_thread_blocked, id=21196, stack(0x0000002a1a400000,0x0000002a1a500000)]
  0x0000018a5eb66800 JavaThread "Unconstrained build operations Thread 70" [_thread_blocked, id=6236, stack(0x0000002a1a500000,0x0000002a1a600000)]
  0x0000018a5eb63800 JavaThread "Unconstrained build operations Thread 71" [_thread_blocked, id=15000, stack(0x0000002a1a600000,0x0000002a1a700000)]
  0x0000018a5eb68800 JavaThread "Unconstrained build operations Thread 72" [_thread_blocked, id=15872, stack(0x0000002a1a700000,0x0000002a1a800000)]
  0x0000018a5eb64800 JavaThread "Unconstrained build operations Thread 73" [_thread_blocked, id=17452, stack(0x0000002a1a800000,0x0000002a1a900000)]
  0x0000018a5eb69000 JavaThread "Unconstrained build operations Thread 74" [_thread_blocked, id=20136, stack(0x0000002a1a900000,0x0000002a1aa00000)]
  0x0000018a5eb6a000 JavaThread "Unconstrained build operations Thread 75" [_thread_blocked, id=17440, stack(0x0000002a1aa00000,0x0000002a1ab00000)]
  0x0000018a5eb67800 JavaThread "Unconstrained build operations Thread 76" [_thread_blocked, id=3400, stack(0x0000002a1ab00000,0x0000002a1ac00000)]
  0x0000018a5eb6b000 JavaThread "Unconstrained build operations Thread 77" [_thread_in_Java, id=4112, stack(0x0000002a1ac00000,0x0000002a1ad00000)]
  0x0000018a5eb65000 JavaThread "Unconstrained build operations Thread 78" [_thread_blocked, id=16688, stack(0x0000002a1ad00000,0x0000002a1ae00000)]
  0x0000018a5eb66000 JavaThread "Unconstrained build operations Thread 79" [_thread_blocked, id=14312, stack(0x0000002a1ae00000,0x0000002a1af00000)]
  0x0000018a60c4d800 JavaThread "Unconstrained build operations Thread 80" [_thread_blocked, id=13012, stack(0x0000002a1af00000,0x0000002a1b000000)]
  0x0000018a60c49000 JavaThread "jar transforms Thread 4" [_thread_blocked, id=7920, stack(0x0000002a1b000000,0x0000002a1b100000)]
  0x0000018a60c48800 JavaThread "jar transforms Thread 5" [_thread_blocked, id=15780, stack(0x0000002a1b100000,0x0000002a1b200000)]
  0x0000018a60c50000 JavaThread "jar transforms Thread 6" [_thread_blocked, id=17820, stack(0x0000002a1b200000,0x0000002a1b300000)]
  0x0000018a60c4b800 JavaThread "jar transforms Thread 7" [_thread_blocked, id=12480, stack(0x0000002a1b300000,0x0000002a1b400000)]
  0x0000018a60c4a000 JavaThread "jar transforms Thread 8" [_thread_blocked, id=14868, stack(0x0000002a1b400000,0x0000002a1b500000)]
  0x0000018a60c4c800 JavaThread "Memory manager" [_thread_blocked, id=5880, stack(0x0000002a1b500000,0x0000002a1b600000)]
  0x0000018a60c52000 JavaThread "build event listener" [_thread_blocked, id=11048, stack(0x0000002a1b600000,0x0000002a1b700000)]
  0x0000018a60c51800 JavaThread "Execution worker for ':'" [_thread_blocked, id=16616, stack(0x0000002a1b700000,0x0000002a1b800000)]
  0x0000018a60c54800 JavaThread "Execution worker for ':' Thread 2" [_thread_in_native, id=7232, stack(0x0000002a1b800000,0x0000002a1b900000)]
  0x0000018a60c57000 JavaThread "Execution worker for ':' Thread 3" [_thread_blocked, id=2040, stack(0x0000002a1b900000,0x0000002a1ba00000)]
  0x0000018a60c53000 JavaThread "Execution worker for ':' Thread 4" [_thread_blocked, id=20052, stack(0x0000002a1ba00000,0x0000002a1bb00000)]
  0x0000018a60c54000 JavaThread "Execution worker for ':' Thread 5" [_thread_blocked, id=4868, stack(0x0000002a1bb00000,0x0000002a1bc00000)]
  0x0000018a60c55800 JavaThread "Execution worker for ':' Thread 6" [_thread_blocked, id=9288, stack(0x0000002a1bc00000,0x0000002a1bd00000)]
  0x0000018a60c56800 JavaThread "Execution worker for ':' Thread 7" [_thread_blocked, id=17260, stack(0x0000002a1bd00000,0x0000002a1be00000)]
  0x0000018a5c595000 JavaThread "Cache worker for execution history cache (C:\Users\varun\Desktop\MCAProjects\WhatsAppClone\.gradle\7.2\executionHistory)" [_thread_blocked, id=12548, stack(0x0000002a1be00000,0x0000002a1bf00000)]
  0x0000018a5c596000 JavaThread "WorkerExecutor Queue" [_thread_blocked, id=11716, stack(0x0000002a1bf00000,0x0000002a1c000000)]
  0x0000018a5c597800 JavaThread "WorkerExecutor Queue Thread 3" [_thread_blocked, id=5292, stack(0x0000002a1c200000,0x0000002a1c300000)]
  0x0000018a5c593000 JavaThread "WorkerExecutor Queue Thread 4" [_thread_blocked, id=13164, stack(0x0000002a1c300000,0x0000002a1c400000)]
  0x0000018a5c59e000 JavaThread "WorkerExecutor Queue Thread 8" [_thread_blocked, id=18608, stack(0x0000002a1c700000,0x0000002a1c800000)]
  0x0000018a5c59b000 JavaThread "Java2D Disposer" daemon [_thread_blocked, id=20896, stack(0x0000002a1c800000,0x0000002a1c900000)]
  0x0000018a5c593800 JavaThread "WorkerExecutor Queue Thread 9" [_thread_blocked, id=18508, stack(0x0000002a15600000,0x0000002a15700000)]
  0x0000018a5c594800 JavaThread "WorkerExecutor Queue Thread 10" [_thread_blocked, id=404, stack(0x0000002a12800000,0x0000002a12900000)]
  0x0000018a5c599800 JavaThread "WorkerExecutor Queue Thread 11" [_thread_blocked, id=4244, stack(0x0000002a14700000,0x0000002a14800000)]
  0x0000018a5c597000 JavaThread "WorkerExecutor Queue Thread 12" [_thread_blocked, id=13484, stack(0x0000002a1c500000,0x0000002a1c600000)]
  0x0000018a5c59d800 JavaThread "C2 CompilerThread1" daemon [_thread_in_native, id=268, stack(0x0000002a1c100000,0x0000002a1c200000)]
=>0x0000018a5c59c800 JavaThread "C2 CompilerThread2" daemon [_thread_in_native, id=908, stack(0x0000002a1c400000,0x0000002a1c500000)]

Other Threads:
  0x0000018a5a73e800 VMThread "VM Thread" [stack: 0x0000002a13100000,0x0000002a13200000] [id=12796]
  0x0000018a5b254000 WatcherThread [stack: 0x0000002a13b00000,0x0000002a13c00000] [id=18412]
  0x0000018a3e316000 GCTaskThread "GC Thread#0" [stack: 0x0000002a12c00000,0x0000002a12d00000] [id=4988]
  0x0000018a5c1c9800 GCTaskThread "GC Thread#1" [stack: 0x0000002a13e00000,0x0000002a13f00000] [id=3692]
  0x0000018a5c0b6000 GCTaskThread "GC Thread#2" [stack: 0x0000002a13f00000,0x0000002a14000000] [id=12644]
  0x0000018a5cf4a800 GCTaskThread "GC Thread#3" [stack: 0x0000002a14100000,0x0000002a14200000] [id=19440]
  0x0000018a5d33c800 GCTaskThread "GC Thread#4" [stack: 0x0000002a14c00000,0x0000002a14d00000] [id=16112]
  0x0000018a5d35d800 GCTaskThread "GC Thread#5" [stack: 0x0000002a14d00000,0x0000002a14e00000] [id=14812]
  0x0000018a5d420000 GCTaskThread "GC Thread#6" [stack: 0x0000002a14e00000,0x0000002a14f00000] [id=19020]
  0x0000018a5be9a800 GCTaskThread "GC Thread#7" [stack: 0x0000002a14f00000,0x0000002a15000000] [id=9196]
  0x0000018a3e34a000 ConcurrentGCThread "G1 Main Marker" [stack: 0x0000002a12d00000,0x0000002a12e00000] [id=8956]
  0x0000018a3e34b800 ConcurrentGCThread "G1 Conc#0" [stack: 0x0000002a12e00000,0x0000002a12f00000] [id=8052]
  0x0000018a5c74e800 ConcurrentGCThread "G1 Conc#1" [stack: 0x0000002a15000000,0x0000002a15100000] [id=14228]
  0x0000018a5a590800 ConcurrentGCThread "G1 Refine#0" [stack: 0x0000002a12f00000,0x0000002a13000000] [id=1640]
  0x0000018a5a591000 ConcurrentGCThread "G1 Young RemSet Sampling" [stack: 0x0000002a13000000,0x0000002a13100000] [id=16316]

Threads with active compile tasks:
C2 CompilerThread0 102816 20280 %     4       com.android.tools.r8.ir.regalloc.b::a @ 683 (1824 bytes)
C2 CompilerThread1 102817 20410       4       com.android.tools.r8.internal.pe1::a (430 bytes)
C2 CompilerThread2 102817 20445 %     4       com.android.tools.r8.internal.TR0::a @ 2557 (3200 bytes)

VM state:not at safepoint (normal execution)

VM Mutex/Monitor currently owned by a thread: None

Heap address: 0x0000000080000000, size: 2048 MB, Compressed Oops mode: 32-bit
Narrow klass base: 0x0000000000000000, Narrow klass shift: 3
Compressed class space size: 1073741824 Address: 0x0000000100000000

Heap:
 garbage-first heap   total 275456K, used 195009K [0x0000000080000000, 0x0000000100000000)
  region size 1024K, 64 young (65536K), 2 survivors (2048K)
 Metaspace       used 118220K, capacity 121170K, committed 121548K, reserved 1155072K
  class space    used 14803K, capacity 15940K, committed 16076K, reserved 1048576K
Heap Regions: E=young(eden), S=young(survivor), O=old, HS=humongous(starts), HC=humongous(continues), CS=collection set, F=free, A=archive, TAMS=top-at-mark-start (previous, next)
|   0|0x0000000080000000, 0x0000000080100000, 0x0000000080100000|100%| O|  |TAMS 0x0000000080100000, 0x0000000080000000| Untracked 
|   1|0x0000000080100000, 0x0000000080200000, 0x0000000080200000|100%| O|  |TAMS 0x0000000080200000, 0x0000000080100000| Untracked 
|   2|0x0000000080200000, 0x0000000080300000, 0x0000000080300000|100%| O|  |TAMS 0x0000000080300000, 0x0000000080200000| Untracked 
|   3|0x0000000080300000, 0x0000000080400000, 0x0000000080400000|100%|HS|  |TAMS 0x0000000080400000, 0x0000000080300000| Complete 
|   4|0x0000000080400000, 0x0000000080500000, 0x0000000080500000|100%|HC|  |TAMS 0x0000000080500000, 0x0000000080400000| Complete 
|   5|0x0000000080500000, 0x0000000080600000, 0x0000000080600000|100%|HC|  |TAMS 0x0000000080600000, 0x0000000080500000| Complete 
|   6|0x0000000080600000, 0x0000000080700000, 0x0000000080700000|100%| O|  |TAMS 0x0000000080700000, 0x0000000080600000| Untracked 
|   7|0x0000000080700000, 0x0000000080800000, 0x0000000080800000|100%| O|  |TAMS 0x0000000080800000, 0x0000000080700000| Untracked 
|   8|0x0000000080800000, 0x0000000080900000, 0x0000000080900000|100%| O|  |TAMS 0x0000000080900000, 0x0000000080800000| Untracked 
|   9|0x0000000080900000, 0x0000000080a00000, 0x0000000080a00000|100%| O|  |TAMS 0x0000000080a00000, 0x0000000080900000| Untracked 
|  10|0x0000000080a00000, 0x0000000080b00000, 0x0000000080b00000|100%| O|  |TAMS 0x0000000080b00000, 0x0000000080a00000| Untracked 
|  11|0x0000000080b00000, 0x0000000080c00000, 0x0000000080c00000|100%| O|  |TAMS 0x0000000080c00000, 0x0000000080b00000| Untracked 
|  12|0x0000000080c00000, 0x0000000080d00000, 0x0000000080d00000|100%| O|  |TAMS 0x0000000080d00000, 0x0000000080c00000| Untracked 
|  13|0x0000000080d00000, 0x0000000080e00000, 0x0000000080e00000|100%| O|  |TAMS 0x0000000080e00000, 0x0000000080d00000| Untracked 
|  14|0x0000000080e00000, 0x0000000080f00000, 0x0000000080f00000|100%| O|  |TAMS 0x0000000080f00000, 0x0000000080e00000| Untracked 
|  15|0x0000000080f00000, 0x0000000081000000, 0x0000000081000000|100%|HS|  |TAMS 0x0000000081000000, 0x0000000080f00000| Complete 
|  16|0x0000000081000000, 0x0000000081100000, 0x0000000081100000|100%| O|  |TAMS 0x0000000081100000, 0x0000000081000000| Untracked 
|  17|0x0000000081100000, 0x0000000081200000, 0x0000000081200000|100%| O|  |TAMS 0x0000000081200000, 0x0000000081100000| Untracked 
|  18|0x0000000081200000, 0x0000000081300000, 0x0000000081300000|100%| O|  |TAMS 0x0000000081300000, 0x0000000081200000| Untracked 
|  19|0x0000000081300000, 0x0000000081400000, 0x0000000081400000|100%| O|  |TAMS 0x0000000081400000, 0x0000000081300000| Untracked 
|  20|0x0000000081400000, 0x0000000081500000, 0x0000000081500000|100%| O|  |TAMS 0x0000000081500000, 0x0000000081400000| Untracked 
|  21|0x0000000081500000, 0x0000000081600000, 0x0000000081600000|100%| O|  |TAMS 0x0000000081600000, 0x0000000081500000| Untracked 
|  22|0x0000000081600000, 0x0000000081700000, 0x0000000081700000|100%| O|  |TAMS 0x0000000081700000, 0x0000000081600000| Untracked 
|  23|0x0000000081700000, 0x0000000081800000, 0x0000000081800000|100%| O|  |TAMS 0x0000000081800000, 0x0000000081700000| Untracked 
|  24|0x0000000081800000, 0x0000000081900000, 0x0000000081900000|100%|HS|  |TAMS 0x0000000081900000, 0x0000000081800000| Complete 
|  25|0x0000000081900000, 0x0000000081a00000, 0x0000000081a00000|100%|HS|  |TAMS 0x0000000081a00000, 0x0000000081900000| Complete 
|  26|0x0000000081a00000, 0x0000000081b00000, 0x0000000081b00000|100%|HS|  |TAMS 0x0000000081b00000, 0x0000000081a00000| Complete 
|  27|0x0000000081b00000, 0x0000000081c00000, 0x0000000081c00000|100%|HC|  |TAMS 0x0000000081c00000, 0x0000000081b00000| Complete 
|  28|0x0000000081c00000, 0x0000000081d00000, 0x0000000081d00000|100%| O|  |TAMS 0x0000000081d00000, 0x0000000081c00000| Untracked 
|  29|0x0000000081d00000, 0x0000000081e00000, 0x0000000081e00000|100%| O|  |TAMS 0x0000000081e00000, 0x0000000081d00000| Untracked 
|  30|0x0000000081e00000, 0x0000000081f00000, 0x0000000081f00000|100%| O|  |TAMS 0x0000000081f00000, 0x0000000081e00000| Untracked 
|  31|0x0000000081f00000, 0x0000000082000000, 0x0000000082000000|100%| O|  |TAMS 0x0000000082000000, 0x0000000081f00000| Untracked 
|  32|0x0000000082000000, 0x0000000082100000, 0x0000000082100000|100%| O|  |TAMS 0x0000000082100000, 0x0000000082000000| Untracked 
|  33|0x0000000082100000, 0x0000000082200000, 0x0000000082200000|100%| O|  |TAMS 0x0000000082200000, 0x0000000082100000| Untracked 
|  34|0x0000000082200000, 0x0000000082300000, 0x0000000082300000|100%| O|  |TAMS 0x0000000082300000, 0x0000000082200000| Untracked 
|  35|0x0000000082300000, 0x0000000082400000, 0x0000000082400000|100%| O|  |TAMS 0x0000000082400000, 0x0000000082300000| Untracked 
|  36|0x0000000082400000, 0x0000000082500000, 0x0000000082500000|100%| O|  |TAMS 0x0000000082500000, 0x0000000082400000| Untracked 
|  37|0x0000000082500000, 0x0000000082600000, 0x0000000082600000|100%| O|  |TAMS 0x0000000082600000, 0x0000000082500000| Untracked 
|  38|0x0000000082600000, 0x0000000082700000, 0x0000000082700000|100%| O|  |TAMS 0x0000000082700000, 0x0000000082600000| Untracked 
|  39|0x0000000082700000, 0x0000000082800000, 0x0000000082800000|100%| O|  |TAMS 0x0000000082800000, 0x0000000082700000| Untracked 
|  40|0x0000000082800000, 0x0000000082900000, 0x0000000082900000|100%| O|  |TAMS 0x0000000082900000, 0x0000000082800000| Untracked 
|  41|0x0000000082900000, 0x0000000082a00000, 0x0000000082a00000|100%| O|  |TAMS 0x0000000082a00000, 0x0000000082900000| Untracked 
|  42|0x0000000082a00000, 0x0000000082b00000, 0x0000000082b00000|100%| O|  |TAMS 0x0000000082b00000, 0x0000000082a00000| Untracked 
|  43|0x0000000082b00000, 0x0000000082c00000, 0x0000000082c00000|100%| O|  |TAMS 0x0000000082c00000, 0x0000000082b00000| Untracked 
|  44|0x0000000082c00000, 0x0000000082d00000, 0x0000000082d00000|100%| O|  |TAMS 0x0000000082d00000, 0x0000000082c00000| Untracked 
|  45|0x0000000082d00000, 0x0000000082e00000, 0x0000000082e00000|100%| O|  |TAMS 0x0000000082e00000, 0x0000000082d00000| Untracked 
|  46|0x0000000082e00000, 0x0000000082f00000, 0x0000000082f00000|100%| O|  |TAMS 0x0000000082f00000, 0x0000000082e00000| Untracked 
|  47|0x0000000082f00000, 0x0000000083000000, 0x0000000083000000|100%| O|  |TAMS 0x0000000083000000, 0x0000000082f00000| Untracked 
|  48|0x0000000083000000, 0x0000000083100000, 0x0000000083100000|100%| O|  |TAMS 0x0000000083100000, 0x0000000083000000| Untracked 
|  49|0x0000000083100000, 0x0000000083200000, 0x0000000083200000|100%| O|  |TAMS 0x0000000083200000, 0x0000000083100000| Untracked 
|  50|0x0000000083200000, 0x0000000083300000, 0x0000000083300000|100%| O|  |TAMS 0x0000000083300000, 0x0000000083200000| Untracked 
|  51|0x0000000083300000, 0x0000000083400000, 0x0000000083400000|100%| O|  |TAMS 0x0000000083400000, 0x0000000083300000| Untracked 
|  52|0x0000000083400000, 0x0000000083500000, 0x0000000083500000|100%| O|  |TAMS 0x0000000083500000, 0x0000000083400000| Untracked 
|  53|0x0000000083500000, 0x0000000083600000, 0x0000000083600000|100%| O|  |TAMS 0x0000000083600000, 0x0000000083500000| Untracked 
|  54|0x0000000083600000, 0x0000000083700000, 0x0000000083700000|100%| O|  |TAMS 0x0000000083700000, 0x0000000083600000| Untracked 
|  55|0x0000000083700000, 0x0000000083800000, 0x0000000083800000|100%| O|  |TAMS 0x0000000083800000, 0x0000000083700000| Untracked 
|  56|0x0000000083800000, 0x0000000083900000, 0x0000000083900000|100%| O|  |TAMS 0x0000000083900000, 0x0000000083800000| Untracked 
|  57|0x0000000083900000, 0x0000000083a00000, 0x0000000083a00000|100%| O|  |TAMS 0x0000000083a00000, 0x0000000083900000| Untracked 
|  58|0x0000000083a00000, 0x0000000083b00000, 0x0000000083b00000|100%| O|  |TAMS 0x0000000083b00000, 0x0000000083a00000| Untracked 
|  59|0x0000000083b00000, 0x0000000083c00000, 0x0000000083c00000|100%| O|  |TAMS 0x0000000083c00000, 0x0000000083b00000| Untracked 
|  60|0x0000000083c00000, 0x0000000083d00000, 0x0000000083d00000|100%| O|  |TAMS 0x0000000083d00000, 0x0000000083c00000| Untracked 
|  61|0x0000000083d00000, 0x0000000083e00000, 0x0000000083e00000|100%| O|  |TAMS 0x0000000083e00000, 0x0000000083d00000| Untracked 
|  62|0x0000000083e00000, 0x0000000083f00000, 0x0000000083f00000|100%| O|  |TAMS 0x0000000083f00000, 0x0000000083e00000| Untracked 
|  63|0x0000000083f00000, 0x0000000084000000, 0x0000000084000000|100%| O|  |TAMS 0x0000000084000000, 0x0000000083f00000| Untracked 
|  64|0x0000000084000000, 0x0000000084100000, 0x0000000084100000|100%| O|  |TAMS 0x0000000084100000, 0x0000000084000000| Untracked 
|  65|0x0000000084100000, 0x0000000084200000, 0x0000000084200000|100%| O|  |TAMS 0x0000000084200000, 0x0000000084100000| Untracked 
|  66|0x0000000084200000, 0x0000000084300000, 0x0000000084300000|100%| O|  |TAMS 0x0000000084300000, 0x0000000084200000| Untracked 
|  67|0x0000000084300000, 0x0000000084400000, 0x0000000084400000|100%| O|  |TAMS 0x0000000084400000, 0x0000000084300000| Untracked 
|  68|0x0000000084400000, 0x0000000084500000, 0x0000000084500000|100%| O|  |TAMS 0x0000000084500000, 0x0000000084400000| Untracked 
|  69|0x0000000084500000, 0x0000000084600000, 0x0000000084600000|100%| O|  |TAMS 0x0000000084600000, 0x0000000084500000| Untracked 
|  70|0x0000000084600000, 0x0000000084700000, 0x0000000084700000|100%| O|  |TAMS 0x0000000084600000, 0x0000000084600000| Untracked 
|  71|0x0000000084700000, 0x0000000084800000, 0x0000000084800000|100%| O|  |TAMS 0x0000000084800000, 0x0000000084700000| Untracked 
|  72|0x0000000084800000, 0x0000000084900000, 0x0000000084900000|100%| O|  |TAMS 0x0000000084900000, 0x0000000084800000| Untracked 
|  73|0x0000000084900000, 0x0000000084a00000, 0x0000000084a00000|100%| O|  |TAMS 0x0000000084a00000, 0x0000000084900000| Untracked 
|  74|0x0000000084a00000, 0x0000000084b00000, 0x0000000084b00000|100%| O|  |TAMS 0x0000000084b00000, 0x0000000084a00000| Untracked 
|  75|0x0000000084b00000, 0x0000000084c00000, 0x0000000084c00000|100%| O|  |TAMS 0x0000000084c00000, 0x0000000084b00000| Untracked 
|  76|0x0000000084c00000, 0x0000000084cf9600, 0x0000000084d00000| 97%| O|  |TAMS 0x0000000084c00000, 0x0000000084c00000| Untracked 
|  77|0x0000000084d00000, 0x0000000084e00000, 0x0000000084e00000|100%| O|  |TAMS 0x0000000084e00000, 0x0000000084d00000| Untracked 
|  78|0x0000000084e00000, 0x0000000084e00000, 0x0000000084f00000|  0%| F|  |TAMS 0x0000000084e00000, 0x0000000084e00000| Untracked 
|  79|0x0000000084f00000, 0x0000000085000000, 0x0000000085000000|100%| O|  |TAMS 0x0000000085000000, 0x0000000084f00000| Untracked 
|  80|0x0000000085000000, 0x0000000085000000, 0x0000000085100000|  0%| F|  |TAMS 0x0000000085000000, 0x0000000085000000| Untracked 
|  81|0x0000000085100000, 0x0000000085200000, 0x0000000085200000|100%| O|  |TAMS 0x0000000085200000, 0x0000000085100000| Untracked 
|  82|0x0000000085200000, 0x0000000085300000, 0x0000000085300000|100%| O|  |TAMS 0x0000000085300000, 0x0000000085200000| Untracked 
|  83|0x0000000085300000, 0x0000000085400000, 0x0000000085400000|100%| O|  |TAMS 0x0000000085400000, 0x0000000085300000| Untracked 
|  84|0x0000000085400000, 0x0000000085500000, 0x0000000085500000|100%| O|  |TAMS 0x0000000085500000, 0x0000000085400000| Untracked 
|  85|0x0000000085500000, 0x0000000085600000, 0x0000000085600000|100%| O|  |TAMS 0x0000000085600000, 0x0000000085500000| Untracked 
|  86|0x0000000085600000, 0x0000000085700000, 0x0000000085700000|100%| O|  |TAMS 0x0000000085700000, 0x0000000085600000| Untracked 
|  87|0x0000000085700000, 0x0000000085800000, 0x0000000085800000|100%| O|  |TAMS 0x0000000085800000, 0x0000000085700000| Untracked 
|  88|0x0000000085800000, 0x0000000085900000, 0x0000000085900000|100%| O|  |TAMS 0x0000000085900000, 0x0000000085800000| Untracked 
|  89|0x0000000085900000, 0x0000000085a00000, 0x0000000085a00000|100%| O|  |TAMS 0x0000000085a00000, 0x0000000085900000| Untracked 
|  90|0x0000000085a00000, 0x0000000085b00000, 0x0000000085b00000|100%| O|  |TAMS 0x0000000085b00000, 0x0000000085a00000| Untracked 
|  91|0x0000000085b00000, 0x0000000085c00000, 0x0000000085c00000|100%| O|  |TAMS 0x0000000085c00000, 0x0000000085b00000| Untracked 
|  92|0x0000000085c00000, 0x0000000085d00000, 0x0000000085d00000|100%| O|  |TAMS 0x0000000085d00000, 0x0000000085c00000| Untracked 
|  93|0x0000000085d00000, 0x0000000085d00000, 0x0000000085e00000|  0%| F|  |TAMS 0x0000000085d00000, 0x0000000085d00000| Untracked 
|  94|0x0000000085e00000, 0x0000000085f00000, 0x0000000085f00000|100%| O|  |TAMS 0x0000000085f00000, 0x0000000085e00000| Untracked 
|  95|0x0000000085f00000, 0x0000000086000000, 0x0000000086000000|100%| O|  |TAMS 0x0000000086000000, 0x0000000085f00000| Untracked 
|  96|0x0000000086000000, 0x0000000086100000, 0x0000000086100000|100%| O|  |TAMS 0x0000000086100000, 0x0000000086000000| Untracked 
|  97|0x0000000086100000, 0x0000000086100000, 0x0000000086200000|  0%| F|  |TAMS 0x0000000086100000, 0x0000000086100000| Untracked 
|  98|0x0000000086200000, 0x0000000086200000, 0x0000000086300000|  0%| F|  |TAMS 0x0000000086200000, 0x0000000086200000| Untracked 
|  99|0x0000000086300000, 0x0000000086400000, 0x0000000086400000|100%| O|  |TAMS 0x0000000086400000, 0x0000000086300000| Untracked 
| 100|0x0000000086400000, 0x0000000086400000, 0x0000000086500000|  0%| F|  |TAMS 0x0000000086400000, 0x0000000086400000| Untracked 
| 101|0x0000000086500000, 0x0000000086500000, 0x0000000086600000|  0%| F|  |TAMS 0x0000000086500000, 0x0000000086500000| Untracked 
| 102|0x0000000086600000, 0x0000000086600000, 0x0000000086700000|  0%| F|  |TAMS 0x0000000086600000, 0x0000000086600000| Untracked 
| 103|0x0000000086700000, 0x0000000086800000, 0x0000000086800000|100%| O|  |TAMS 0x0000000086800000, 0x0000000086700000| Untracked 
| 104|0x0000000086800000, 0x0000000086900000, 0x0000000086900000|100%| O|  |TAMS 0x0000000086900000, 0x0000000086800000| Untracked 
| 105|0x0000000086900000, 0x0000000086a00000, 0x0000000086a00000|100%| O|  |TAMS 0x0000000086a00000, 0x0000000086900000| Untracked 
| 106|0x0000000086a00000, 0x0000000086b00000, 0x0000000086b00000|100%| O|  |TAMS 0x0000000086b00000, 0x0000000086a00000| Untracked 
| 107|0x0000000086b00000, 0x0000000086c00000, 0x0000000086c00000|100%| O|  |TAMS 0x0000000086c00000, 0x0000000086b00000| Untracked 
| 108|0x0000000086c00000, 0x0000000086d00000, 0x0000000086d00000|100%| O|  |TAMS 0x0000000086d00000, 0x0000000086c00000| Untracked 
| 109|0x0000000086d00000, 0x0000000086e00000, 0x0000000086e00000|100%| O|  |TAMS 0x0000000086e00000, 0x0000000086d00000| Untracked 
| 110|0x0000000086e00000, 0x0000000086f00000, 0x0000000086f00000|100%| O|  |TAMS 0x0000000086f00000, 0x0000000086e00000| Untracked 
| 111|0x0000000086f00000, 0x0000000087000000, 0x0000000087000000|100%| O|  |TAMS 0x0000000087000000, 0x0000000086f00000| Untracked 
| 112|0x0000000087000000, 0x0000000087100000, 0x0000000087100000|100%| O|  |TAMS 0x0000000087100000, 0x0000000087000000| Untracked 
| 113|0x0000000087100000, 0x0000000087200000, 0x0000000087200000|100%| O|  |TAMS 0x0000000087200000, 0x0000000087100000| Untracked 
| 114|0x0000000087200000, 0x0000000087300000, 0x0000000087300000|100%| O|  |TAMS 0x0000000087300000, 0x0000000087200000| Untracked 
| 115|0x0000000087300000, 0x0000000087300000, 0x0000000087400000|  0%| F|  |TAMS 0x0000000087300000, 0x0000000087300000| Untracked 
| 116|0x0000000087400000, 0x0000000087500000, 0x0000000087500000|100%| O|  |TAMS 0x0000000087500000, 0x0000000087400000| Untracked 
| 117|0x0000000087500000, 0x0000000087600000, 0x0000000087600000|100%| O|  |TAMS 0x0000000087600000, 0x0000000087500000| Untracked 
| 118|0x0000000087600000, 0x0000000087700000, 0x0000000087700000|100%| O|  |TAMS 0x0000000087700000, 0x0000000087600000| Untracked 
| 119|0x0000000087700000, 0x0000000087800000, 0x0000000087800000|100%| O|  |TAMS 0x0000000087800000, 0x0000000087700000| Untracked 
| 120|0x0000000087800000, 0x0000000087900000, 0x0000000087900000|100%| O|  |TAMS 0x0000000087900000, 0x0000000087800000| Untracked 
| 121|0x0000000087900000, 0x0000000087a00000, 0x0000000087a00000|100%| O|  |TAMS 0x0000000087a00000, 0x0000000087900000| Untracked 
| 122|0x0000000087a00000, 0x0000000087b00000, 0x0000000087b00000|100%| O|  |TAMS 0x0000000087b00000, 0x0000000087a00000| Untracked 
| 123|0x0000000087b00000, 0x0000000087c00000, 0x0000000087c00000|100%| O|  |TAMS 0x0000000087c00000, 0x0000000087b00000| Untracked 
| 124|0x0000000087c00000, 0x0000000087c00000, 0x0000000087d00000|  0%| F|  |TAMS 0x0000000087c00000, 0x0000000087c00000| Untracked 
| 125|0x0000000087d00000, 0x0000000087d00000, 0x0000000087e00000|  0%| F|  |TAMS 0x0000000087d00000, 0x0000000087d00000| Untracked 
| 126|0x0000000087e00000, 0x0000000087e00000, 0x0000000087f00000|  0%| F|  |TAMS 0x0000000087e00000, 0x0000000087e00000| Untracked 
| 127|0x0000000087f00000, 0x0000000088000000, 0x0000000088000000|100%| O|  |TAMS 0x0000000088000000, 0x0000000087f00000| Untracked 
| 128|0x0000000088000000, 0x0000000088000000, 0x0000000088100000|  0%| F|  |TAMS 0x0000000088000000, 0x0000000088000000| Untracked 
| 129|0x0000000088100000, 0x0000000088200000, 0x0000000088200000|100%| O|  |TAMS 0x0000000088200000, 0x0000000088100000| Untracked 
| 130|0x0000000088200000, 0x0000000088300000, 0x0000000088300000|100%| O|  |TAMS 0x0000000088300000, 0x0000000088200000| Untracked 
| 131|0x0000000088300000, 0x0000000088400000, 0x0000000088400000|100%| O|  |TAMS 0x0000000088400000, 0x0000000088300000| Untracked 
| 132|0x0000000088400000, 0x0000000088500000, 0x0000000088500000|100%| O|  |TAMS 0x0000000088500000, 0x0000000088400000| Untracked 
| 133|0x0000000088500000, 0x0000000088600000, 0x0000000088600000|100%| O|  |TAMS 0x0000000088600000, 0x0000000088500000| Untracked 
| 134|0x0000000088600000, 0x0000000088700000, 0x0000000088700000|100%| O|  |TAMS 0x0000000088700000, 0x0000000088600000| Untracked 
| 135|0x0000000088700000, 0x0000000088800000, 0x0000000088800000|100%| O|  |TAMS 0x0000000088800000, 0x0000000088700000| Untracked 
| 136|0x0000000088800000, 0x0000000088900000, 0x0000000088900000|100%| O|  |TAMS 0x0000000088900000, 0x0000000088800000| Untracked 
| 137|0x0000000088900000, 0x0000000088a00000, 0x0000000088a00000|100%| O|  |TAMS 0x0000000088a00000, 0x0000000088900000| Untracked 
| 138|0x0000000088a00000, 0x0000000088b00000, 0x0000000088b00000|100%| O|  |TAMS 0x0000000088ad3c00, 0x0000000088a00000| Untracked 
| 139|0x0000000088b00000, 0x0000000088c00000, 0x0000000088c00000|100%| O|  |TAMS 0x0000000088c00000, 0x0000000088b00000| Untracked 
| 140|0x0000000088c00000, 0x0000000088c00000, 0x0000000088d00000|  0%| F|  |TAMS 0x0000000088c00000, 0x0000000088c00000| Untracked 
| 141|0x0000000088d00000, 0x0000000088e00000, 0x0000000088e00000|100%| O|  |TAMS 0x0000000088e00000, 0x0000000088d00000| Untracked 
| 142|0x0000000088e00000, 0x0000000088e00000, 0x0000000088f00000|  0%| F|  |TAMS 0x0000000088e00000, 0x0000000088e00000| Untracked 
| 143|0x0000000088f00000, 0x0000000088f00000, 0x0000000089000000|  0%| F|  |TAMS 0x0000000088f00000, 0x0000000088f00000| Untracked 
| 144|0x0000000089000000, 0x0000000089000000, 0x0000000089100000|  0%| F|  |TAMS 0x0000000089000000, 0x0000000089000000| Untracked 
| 145|0x0000000089100000, 0x0000000089100000, 0x0000000089200000|  0%| F|  |TAMS 0x0000000089100000, 0x0000000089100000| Untracked 
| 146|0x0000000089200000, 0x0000000089200000, 0x0000000089300000|  0%| F|  |TAMS 0x0000000089200000, 0x0000000089200000| Untracked 
| 147|0x0000000089300000, 0x0000000089300000, 0x0000000089400000|  0%| F|  |TAMS 0x0000000089300000, 0x0000000089300000| Untracked 
| 148|0x0000000089400000, 0x0000000089400000, 0x0000000089500000|  0%| F|  |TAMS 0x0000000089400000, 0x0000000089400000| Untracked 
| 149|0x0000000089500000, 0x0000000089500000, 0x0000000089600000|  0%| F|  |TAMS 0x0000000089500000, 0x0000000089500000| Untracked 
| 150|0x0000000089600000, 0x0000000089600000, 0x0000000089700000|  0%| F|  |TAMS 0x0000000089600000, 0x0000000089600000| Untracked 
| 151|0x0000000089700000, 0x0000000089700000, 0x0000000089800000|  0%| F|  |TAMS 0x0000000089700000, 0x0000000089700000| Untracked 
| 152|0x0000000089800000, 0x0000000089800000, 0x0000000089900000|  0%| F|  |TAMS 0x0000000089800000, 0x0000000089800000| Untracked 
| 153|0x0000000089900000, 0x0000000089900000, 0x0000000089a00000|  0%| F|  |TAMS 0x0000000089900000, 0x0000000089900000| Untracked 
| 154|0x0000000089a00000, 0x0000000089a00000, 0x0000000089b00000|  0%| F|  |TAMS 0x0000000089a00000, 0x0000000089a00000| Untracked 
| 155|0x0000000089b00000, 0x0000000089b00000, 0x0000000089c00000|  0%| F|  |TAMS 0x0000000089b00000, 0x0000000089b00000| Untracked 
| 156|0x0000000089c00000, 0x0000000089c00000, 0x0000000089d00000|  0%| F|  |TAMS 0x0000000089c00000, 0x0000000089c00000| Untracked 
| 157|0x0000000089d00000, 0x0000000089d00000, 0x0000000089e00000|  0%| F|  |TAMS 0x0000000089d00000, 0x0000000089d00000| Untracked 
| 158|0x0000000089e00000, 0x0000000089e00000, 0x0000000089f00000|  0%| F|  |TAMS 0x0000000089e00000, 0x0000000089e00000| Untracked 
| 159|0x0000000089f00000, 0x0000000089f00000, 0x000000008a000000|  0%| F|  |TAMS 0x0000000089f00000, 0x0000000089f00000| Untracked 
| 160|0x000000008a000000, 0x000000008a000000, 0x000000008a100000|  0%| F|  |TAMS 0x000000008a000000, 0x000000008a000000| Untracked 
| 161|0x000000008a100000, 0x000000008a100000, 0x000000008a200000|  0%| F|  |TAMS 0x000000008a100000, 0x000000008a100000| Untracked 
| 162|0x000000008a200000, 0x000000008a200000, 0x000000008a300000|  0%| F|  |TAMS 0x000000008a200000, 0x000000008a200000| Untracked 
| 163|0x000000008a300000, 0x000000008a300000, 0x000000008a400000|  0%| F|  |TAMS 0x000000008a300000, 0x000000008a300000| Untracked 
| 164|0x000000008a400000, 0x000000008a400000, 0x000000008a500000|  0%| F|  |TAMS 0x000000008a400000, 0x000000008a400000| Untracked 
| 165|0x000000008a500000, 0x000000008a500000, 0x000000008a600000|  0%| F|  |TAMS 0x000000008a500000, 0x000000008a500000| Untracked 
| 166|0x000000008a600000, 0x000000008a600000, 0x000000008a700000|  0%| F|  |TAMS 0x000000008a600000, 0x000000008a600000| Untracked 
| 167|0x000000008a700000, 0x000000008a700000, 0x000000008a800000|  0%| F|  |TAMS 0x000000008a700000, 0x000000008a700000| Untracked 
| 168|0x000000008a800000, 0x000000008a800000, 0x000000008a900000|  0%| F|  |TAMS 0x000000008a800000, 0x000000008a800000| Untracked 
| 169|0x000000008a900000, 0x000000008a900000, 0x000000008aa00000|  0%| F|  |TAMS 0x000000008a900000, 0x000000008a900000| Untracked 
| 170|0x000000008aa00000, 0x000000008aa00000, 0x000000008ab00000|  0%| F|  |TAMS 0x000000008aa00000, 0x000000008aa00000| Untracked 
| 171|0x000000008ab00000, 0x000000008ab00000, 0x000000008ac00000|  0%| F|  |TAMS 0x000000008ab00000, 0x000000008ab00000| Untracked 
| 172|0x000000008ac00000, 0x000000008ac00000, 0x000000008ad00000|  0%| F|  |TAMS 0x000000008ac00000, 0x000000008ac00000| Untracked 
| 173|0x000000008ad00000, 0x000000008ad00000, 0x000000008ae00000|  0%| F|  |TAMS 0x000000008ad00000, 0x000000008ad00000| Untracked 
| 174|0x000000008ae00000, 0x000000008ae00000, 0x000000008af00000|  0%| F|  |TAMS 0x000000008ae00000, 0x000000008ae00000| Untracked 
| 175|0x000000008af00000, 0x000000008af00000, 0x000000008b000000|  0%| F|  |TAMS 0x000000008af00000, 0x000000008af00000| Untracked 
| 176|0x000000008b000000, 0x000000008b000000, 0x000000008b100000|  0%| F|  |TAMS 0x000000008b000000, 0x000000008b000000| Untracked 
| 177|0x000000008b100000, 0x000000008b100000, 0x000000008b200000|  0%| F|  |TAMS 0x000000008b100000, 0x000000008b100000| Untracked 
| 178|0x000000008b200000, 0x000000008b200000, 0x000000008b300000|  0%| F|  |TAMS 0x000000008b200000, 0x000000008b200000| Untracked 
| 179|0x000000008b300000, 0x000000008b300000, 0x000000008b400000|  0%| F|  |TAMS 0x000000008b300000, 0x000000008b300000| Untracked 
| 180|0x000000008b400000, 0x000000008b400000, 0x000000008b500000|  0%| F|  |TAMS 0x000000008b400000, 0x000000008b400000| Untracked 
| 181|0x000000008b500000, 0x000000008b500000, 0x000000008b600000|  0%| F|  |TAMS 0x000000008b500000, 0x000000008b500000| Untracked 
| 182|0x000000008b600000, 0x000000008b600000, 0x000000008b700000|  0%| F|  |TAMS 0x000000008b600000, 0x000000008b600000| Untracked 
| 183|0x000000008b700000, 0x000000008b700000, 0x000000008b800000|  0%| F|  |TAMS 0x000000008b700000, 0x000000008b700000| Untracked 
| 184|0x000000008b800000, 0x000000008b800000, 0x000000008b900000|  0%| F|  |TAMS 0x000000008b800000, 0x000000008b800000| Untracked 
| 185|0x000000008b900000, 0x000000008b900000, 0x000000008ba00000|  0%| F|  |TAMS 0x000000008b900000, 0x000000008b900000| Untracked 
| 186|0x000000008ba00000, 0x000000008ba00000, 0x000000008bb00000|  0%| F|  |TAMS 0x000000008ba00000, 0x000000008ba00000| Untracked 
| 187|0x000000008bb00000, 0x000000008bb00000, 0x000000008bc00000|  0%| F|  |TAMS 0x000000008bb00000, 0x000000008bb00000| Untracked 
| 188|0x000000008bc00000, 0x000000008bc00000, 0x000000008bd00000|  0%| F|  |TAMS 0x000000008bc00000, 0x000000008bc00000| Untracked 
| 189|0x000000008bd00000, 0x000000008bd00000, 0x000000008be00000|  0%| F|  |TAMS 0x000000008bd00000, 0x000000008bd00000| Untracked 
| 190|0x000000008be00000, 0x000000008be00000, 0x000000008bf00000|  0%| F|  |TAMS 0x000000008be00000, 0x000000008be00000| Untracked 
| 191|0x000000008bf00000, 0x000000008bf00000, 0x000000008c000000|  0%| F|  |TAMS 0x000000008bf00000, 0x000000008bf00000| Untracked 
| 192|0x000000008c000000, 0x000000008c000000, 0x000000008c100000|  0%| F|  |TAMS 0x000000008c000000, 0x000000008c000000| Untracked 
| 193|0x000000008c100000, 0x000000008c100000, 0x000000008c200000|  0%| F|  |TAMS 0x000000008c100000, 0x000000008c100000| Untracked 
| 194|0x000000008c200000, 0x000000008c200000, 0x000000008c300000|  0%| F|  |TAMS 0x000000008c200000, 0x000000008c200000| Untracked 
| 195|0x000000008c300000, 0x000000008c300000, 0x000000008c400000|  0%| F|  |TAMS 0x000000008c300000, 0x000000008c300000| Untracked 
| 196|0x000000008c400000, 0x000000008c400000, 0x000000008c500000|  0%| F|  |TAMS 0x000000008c400000, 0x000000008c400000| Untracked 
| 197|0x000000008c500000, 0x000000008c500000, 0x000000008c600000|  0%| F|  |TAMS 0x000000008c500000, 0x000000008c500000| Untracked 
| 198|0x000000008c600000, 0x000000008c600000, 0x000000008c700000|  0%| F|  |TAMS 0x000000008c600000, 0x000000008c600000| Untracked 
| 199|0x000000008c700000, 0x000000008c700000, 0x000000008c800000|  0%| F|  |TAMS 0x000000008c700000, 0x000000008c700000| Untracked 
| 200|0x000000008c800000, 0x000000008c800000, 0x000000008c900000|  0%| F|  |TAMS 0x000000008c800000, 0x000000008c800000| Untracked 
| 201|0x000000008c900000, 0x000000008c900000, 0x000000008ca00000|  0%| F|  |TAMS 0x000000008c900000, 0x000000008c900000| Untracked 
| 202|0x000000008ca00000, 0x000000008ca00000, 0x000000008cb00000|  0%| F|  |TAMS 0x000000008ca00000, 0x000000008ca00000| Untracked 
| 203|0x000000008cb00000, 0x000000008cb00000, 0x000000008cc00000|  0%| F|  |TAMS 0x000000008cb00000, 0x000000008cb00000| Untracked 
| 204|0x000000008cc00000, 0x000000008cc80800, 0x000000008cd00000| 50%| E|  |TAMS 0x000000008cc00000, 0x000000008cc00000| Complete 
| 205|0x000000008cd00000, 0x000000008ce00000, 0x000000008ce00000|100%| E|CS|TAMS 0x000000008cd00000, 0x000000008cd00000| Complete 
| 206|0x000000008ce00000, 0x000000008cf00000, 0x000000008cf00000|100%| E|CS|TAMS 0x000000008ce00000, 0x000000008ce00000| Complete 
| 207|0x000000008cf00000, 0x000000008d000000, 0x000000008d000000|100%| E|CS|TAMS 0x000000008cf00000, 0x000000008cf00000| Complete 
| 208|0x000000008d000000, 0x000000008d100000, 0x000000008d100000|100%| E|CS|TAMS 0x000000008d000000, 0x000000008d000000| Complete 
| 209|0x000000008d100000, 0x000000008d200000, 0x000000008d200000|100%| E|CS|TAMS 0x000000008d100000, 0x000000008d100000| Complete 
| 210|0x000000008d200000, 0x000000008d300000, 0x000000008d300000|100%| E|CS|TAMS 0x000000008d200000, 0x000000008d200000| Complete 
| 211|0x000000008d300000, 0x000000008d400000, 0x000000008d400000|100%| E|CS|TAMS 0x000000008d300000, 0x000000008d300000| Complete 
| 212|0x000000008d400000, 0x000000008d500000, 0x000000008d500000|100%| E|CS|TAMS 0x000000008d400000, 0x000000008d400000| Complete 
| 213|0x000000008d500000, 0x000000008d600000, 0x000000008d600000|100%| E|CS|TAMS 0x000000008d500000, 0x000000008d500000| Complete 
| 214|0x000000008d600000, 0x000000008d700000, 0x000000008d700000|100%| E|CS|TAMS 0x000000008d600000, 0x000000008d600000| Complete 
| 215|0x000000008d700000, 0x000000008d800000, 0x000000008d800000|100%| E|CS|TAMS 0x000000008d700000, 0x000000008d700000| Complete 
| 216|0x000000008d800000, 0x000000008d900000, 0x000000008d900000|100%| E|CS|TAMS 0x000000008d800000, 0x000000008d800000| Complete 
| 217|0x000000008d900000, 0x000000008da00000, 0x000000008da00000|100%| E|CS|TAMS 0x000000008d900000, 0x000000008d900000| Complete 
| 218|0x000000008da00000, 0x000000008db00000, 0x000000008db00000|100%| E|CS|TAMS 0x000000008da00000, 0x000000008da00000| Complete 
| 219|0x000000008db00000, 0x000000008dc00000, 0x000000008dc00000|100%| E|CS|TAMS 0x000000008db00000, 0x000000008db00000| Complete 
| 220|0x000000008dc00000, 0x000000008dd00000, 0x000000008dd00000|100%| E|CS|TAMS 0x000000008dc00000, 0x000000008dc00000| Complete 
| 221|0x000000008dd00000, 0x000000008de00000, 0x000000008de00000|100%| E|CS|TAMS 0x000000008dd00000, 0x000000008dd00000| Complete 
| 222|0x000000008de00000, 0x000000008df00000, 0x000000008df00000|100%| E|CS|TAMS 0x000000008de00000, 0x000000008de00000| Complete 
| 223|0x000000008df00000, 0x000000008e000000, 0x000000008e000000|100%| E|CS|TAMS 0x000000008df00000, 0x000000008df00000| Complete 
| 224|0x000000008e000000, 0x000000008e100000, 0x000000008e100000|100%| E|CS|TAMS 0x000000008e000000, 0x000000008e000000| Complete 
| 225|0x000000008e100000, 0x000000008e200000, 0x000000008e200000|100%| E|CS|TAMS 0x000000008e100000, 0x000000008e100000| Complete 
| 226|0x000000008e200000, 0x000000008e300000, 0x000000008e300000|100%| E|CS|TAMS 0x000000008e200000, 0x000000008e200000| Complete 
| 227|0x000000008e300000, 0x000000008e400000, 0x000000008e400000|100%| E|CS|TAMS 0x000000008e300000, 0x000000008e300000| Complete 
| 228|0x000000008e400000, 0x000000008e500000, 0x000000008e500000|100%| E|CS|TAMS 0x000000008e400000, 0x000000008e400000| Complete 
| 229|0x000000008e500000, 0x000000008e600000, 0x000000008e600000|100%| E|CS|TAMS 0x000000008e500000, 0x000000008e500000| Complete 
| 230|0x000000008e600000, 0x000000008e700000, 0x000000008e700000|100%| E|CS|TAMS 0x000000008e600000, 0x000000008e600000| Complete 
| 231|0x000000008e700000, 0x000000008e800000, 0x000000008e800000|100%| E|CS|TAMS 0x000000008e700000, 0x000000008e700000| Complete 
| 232|0x000000008e800000, 0x000000008e900000, 0x000000008e900000|100%| E|CS|TAMS 0x000000008e800000, 0x000000008e800000| Complete 
| 233|0x000000008e900000, 0x000000008ea00000, 0x000000008ea00000|100%| E|CS|TAMS 0x000000008e900000, 0x000000008e900000| Complete 
| 234|0x000000008ea00000, 0x000000008eb00000, 0x000000008eb00000|100%| E|CS|TAMS 0x000000008ea00000, 0x000000008ea00000| Complete 
| 235|0x000000008eb00000, 0x000000008ec00000, 0x000000008ec00000|100%| E|CS|TAMS 0x000000008eb00000, 0x000000008eb00000| Complete 
| 236|0x000000008ec00000, 0x000000008ed00000, 0x000000008ed00000|100%| E|CS|TAMS 0x000000008ec00000, 0x000000008ec00000| Complete 
| 237|0x000000008ed00000, 0x000000008ee00000, 0x000000008ee00000|100%| E|CS|TAMS 0x000000008ed00000, 0x000000008ed00000| Complete 
| 238|0x000000008ee00000, 0x000000008ef00000, 0x000000008ef00000|100%| E|CS|TAMS 0x000000008ee00000, 0x000000008ee00000| Complete 
| 239|0x000000008ef00000, 0x000000008f000000, 0x000000008f000000|100%| E|CS|TAMS 0x000000008ef00000, 0x000000008ef00000| Complete 
| 240|0x000000008f000000, 0x000000008f100000, 0x000000008f100000|100%| E|CS|TAMS 0x000000008f000000, 0x000000008f000000| Complete 
| 241|0x000000008f100000, 0x000000008f200000, 0x000000008f200000|100%| E|CS|TAMS 0x000000008f100000, 0x000000008f100000| Complete 
| 242|0x000000008f200000, 0x000000008f300000, 0x000000008f300000|100%| E|CS|TAMS 0x000000008f200000, 0x000000008f200000| Complete 
| 243|0x000000008f300000, 0x000000008f400000, 0x000000008f400000|100%| E|CS|TAMS 0x000000008f300000, 0x000000008f300000| Complete 
| 244|0x000000008f400000, 0x000000008f500000, 0x000000008f500000|100%| E|CS|TAMS 0x000000008f400000, 0x000000008f400000| Complete 
| 245|0x000000008f500000, 0x000000008f600000, 0x000000008f600000|100%| E|CS|TAMS 0x000000008f500000, 0x000000008f500000| Complete 
| 246|0x000000008f600000, 0x000000008f700000, 0x000000008f700000|100%| E|CS|TAMS 0x000000008f600000, 0x000000008f600000| Complete 
| 247|0x000000008f700000, 0x000000008f800000, 0x000000008f800000|100%| E|CS|TAMS 0x000000008f700000, 0x000000008f700000| Complete 
| 248|0x000000008f800000, 0x000000008f900000, 0x000000008f900000|100%| E|CS|TAMS 0x000000008f800000, 0x000000008f800000| Complete 
| 249|0x000000008f900000, 0x000000008fa00000, 0x000000008fa00000|100%| E|CS|TAMS 0x000000008f900000, 0x000000008f900000| Complete 
| 250|0x000000008fa00000, 0x000000008fb00000, 0x000000008fb00000|100%| E|CS|TAMS 0x000000008fa00000, 0x000000008fa00000| Complete 
| 251|0x000000008fb00000, 0x000000008fc00000, 0x000000008fc00000|100%| E|CS|TAMS 0x000000008fb00000, 0x000000008fb00000| Complete 
| 252|0x000000008fc00000, 0x000000008fd00000, 0x000000008fd00000|100%| E|CS|TAMS 0x000000008fc00000, 0x000000008fc00000| Complete 
| 253|0x000000008fd00000, 0x000000008fe00000, 0x000000008fe00000|100%| E|CS|TAMS 0x000000008fd00000, 0x000000008fd00000| Complete 
| 254|0x000000008fe00000, 0x000000008ff00000, 0x000000008ff00000|100%| E|CS|TAMS 0x000000008fe00000, 0x000000008fe00000| Complete 
| 255|0x000000008ff00000, 0x0000000090000000, 0x0000000090000000|100%| E|CS|TAMS 0x000000008ff00000, 0x000000008ff00000| Complete 
| 256|0x0000000090000000, 0x0000000090100000, 0x0000000090100000|100%| E|CS|TAMS 0x0000000090000000, 0x0000000090000000| Complete 
| 257|0x0000000090100000, 0x0000000090177080, 0x0000000090200000| 46%| S|CS|TAMS 0x0000000090100000, 0x0000000090100000| Complete 
| 258|0x0000000090200000, 0x0000000090300000, 0x0000000090300000|100%| S|CS|TAMS 0x0000000090200000, 0x0000000090200000| Complete 
| 259|0x0000000090300000, 0x0000000090400000, 0x0000000090400000|100%| E|CS|TAMS 0x0000000090300000, 0x0000000090300000| Complete 
| 260|0x0000000090400000, 0x0000000090500000, 0x0000000090500000|100%| E|CS|TAMS 0x0000000090400000, 0x0000000090400000| Complete 
| 261|0x0000000090500000, 0x0000000090600000, 0x0000000090600000|100%| E|CS|TAMS 0x0000000090500000, 0x0000000090500000| Complete 
| 262|0x0000000090600000, 0x0000000090700000, 0x0000000090700000|100%| E|CS|TAMS 0x0000000090600000, 0x0000000090600000| Complete 
| 263|0x0000000090700000, 0x0000000090800000, 0x0000000090800000|100%| E|CS|TAMS 0x0000000090700000, 0x0000000090700000| Complete 
| 264|0x0000000090800000, 0x0000000090900000, 0x0000000090900000|100%| E|CS|TAMS 0x0000000090800000, 0x0000000090800000| Complete 
| 265|0x0000000090900000, 0x0000000090a00000, 0x0000000090a00000|100%| E|CS|TAMS 0x0000000090900000, 0x0000000090900000| Complete 
| 266|0x0000000090a00000, 0x0000000090b00000, 0x0000000090b00000|100%| E|CS|TAMS 0x0000000090a00000, 0x0000000090a00000| Complete 
| 267|0x0000000090b00000, 0x0000000090c00000, 0x0000000090c00000|100%| E|CS|TAMS 0x0000000090b00000, 0x0000000090b00000| Complete 
| 268|0x0000000090c00000, 0x0000000090d00000, 0x0000000090d00000|100%| E|CS|TAMS 0x0000000090c00000, 0x0000000090c00000| Complete 

Card table byte_map: [0x0000018a53460000,0x0000018a53860000] _byte_map_base: 0x0000018a53060000

Marking Bits (Prev, Next): (CMBitMap*) 0x0000018a3e3415b8, (CMBitMap*) 0x0000018a3e3415f0
 Prev Bits: [0x0000018a53c60000, 0x0000018a55c60000)
 Next Bits: [0x0000018a55c60000, 0x0000018a57c60000)

Polling page: 0x0000018a3e3e0000

Metaspace:

Usage:
  Non-class:    102.76 MB capacity,   100.99 MB ( 98%) used,     1.41 MB (  1%) free+waste,   370.88 KB ( <1%) overhead. 
      Class:     15.57 MB capacity,    14.46 MB ( 93%) used,   972.17 KB (  6%) free+waste,   164.00 KB (  1%) overhead. 
       Both:    118.33 MB capacity,   115.45 MB ( 98%) used,     2.36 MB (  2%) free+waste,   534.88 KB ( <1%) overhead. 

Virtual space:
  Non-class space:      104.00 MB reserved,     103.00 MB (>99%) committed 
      Class space:        1.00 GB reserved,      15.70 MB (  2%) committed 
             Both:        1.10 GB reserved,     118.70 MB ( 11%) committed 

Chunk freelists:
   Non-Class:  50.00 KB
       Class:  60.00 KB
        Both:  110.00 KB

MaxMetaspaceSize: 17179869184.00 GB
CompressedClassSpaceSize: 1.00 GB

CodeHeap 'non-profiled nmethods': size=120000Kb used=13454Kb max_used=13454Kb free=106545Kb
 bounds [0x0000018a4b0a0000, 0x0000018a4bdd0000, 0x0000018a525d0000]
CodeHeap 'profiled nmethods': size=120000Kb used=43026Kb max_used=43026Kb free=76973Kb
 bounds [0x0000018a43b70000, 0x0000018a465e0000, 0x0000018a4b0a0000]
CodeHeap 'non-nmethods': size=5760Kb used=2400Kb max_used=2492Kb free=3359Kb
 bounds [0x0000018a435d0000, 0x0000018a43860000, 0x0000018a43b70000]
 total_blobs=19421 nmethods=18368 adapters=962
 compilation: enabled
              stopped_count=0, restarted_count=0
 full_count=0

Compilation events (20 events):
Event: 102.276 Thread 0x0000018a5a76b800 20478       2       com.android.tools.r8.internal.v81::a (83 bytes)
Event: 102.278 Thread 0x0000018a5a76b800 nmethod 20478 0x0000018a44db7090 code [0x0000018a44db72e0, 0x0000018a44db7818]
Event: 102.278 Thread 0x0000018a5a76b800 20479       2       com.android.tools.r8.internal.v81::c (14 bytes)
Event: 102.278 Thread 0x0000018a5a76b800 nmethod 20479 0x0000018a44db6c90 code [0x0000018a44db6e40, 0x0000018a44db6fa8]
Event: 102.282 Thread 0x0000018a5a76b800 20480       2       com.android.tools.r8.graph.T1::a (26 bytes)
Event: 102.282 Thread 0x0000018a5a76b800 nmethod 20480 0x0000018a44db6910 code [0x0000018a44db6ac0, 0x0000018a44db6bb8]
Event: 102.315 Thread 0x0000018a5a76b800 20481       3       com.android.tools.r8.ir.regalloc.b::c (3939 bytes)
Event: 102.391 Thread 0x0000018a5a76b800 nmethod 20481 0x0000018a465ab110 code [0x0000018a465ad180, 0x0000018a465c2a48]
Event: 102.391 Thread 0x0000018a5a76b800 20483 %     3       com.android.tools.r8.internal.zL0::a @ 16 (56 bytes)
Event: 102.392 Thread 0x0000018a5a76b800 nmethod 20483% 0x0000018a44dcb890 code [0x0000018a44dcba80, 0x0000018a44dcc038]
Event: 102.392 Thread 0x0000018a5a76b800 20482 %     3       com.android.tools.r8.ir.regalloc.b::a @ 112 (562 bytes)
Event: 102.399 Thread 0x0000018a5a76b800 nmethod 20482% 0x0000018a4540ff10 code [0x0000018a45410440, 0x0000018a454130c8]
Event: 102.471 Thread 0x0000018a5a76b800 20484       1       com.android.tools.r8.internal.Rz0::e2 (3 bytes)
Event: 102.471 Thread 0x0000018a5a76b800 nmethod 20484 0x0000018a4b661710 code [0x0000018a4b6618c0, 0x0000018a4b661978]
Event: 102.472 Thread 0x0000018a5a76b800 20485       1       com.android.tools.r8.internal.Rz0::Q0 (2 bytes)
Event: 102.473 Thread 0x0000018a5a76b800 nmethod 20485 0x0000018a4b668b90 code [0x0000018a4b668d40, 0x0000018a4b668df8]
Event: 102.483 Thread 0x0000018a5a76b800 20486       1       com.android.tools.r8.internal.Rz0::d2 (3 bytes)
Event: 102.483 Thread 0x0000018a5a76b800 nmethod 20486 0x0000018a4b682c10 code [0x0000018a4b682dc0, 0x0000018a4b682e78]
Event: 102.484 Thread 0x0000018a5a76b800 20487       1       com.android.tools.r8.internal.Rz0::c2 (3 bytes)
Event: 102.484 Thread 0x0000018a5a76b800 nmethod 20487 0x0000018a4b682910 code [0x0000018a4b682ac0, 0x0000018a4b682b78]

GC Heap History (20 events):
Event: 92.239 GC heap before
{Heap before GC invocations=56 (full 0):
 garbage-first heap   total 275456K, used 220807K [0x0000000080000000, 0x0000000100000000)
  region size 1024K, 88 young (90112K), 9 survivors (9216K)
 Metaspace       used 117586K, capacity 120627K, committed 120652K, reserved 1155072K
  class space    used 14781K, capacity 15929K, committed 15948K, reserved 1048576K
}
Event: 92.534 GC heap after
{Heap after GC invocations=57 (full 0):
 garbage-first heap   total 275456K, used 145168K [0x0000000080000000, 0x0000000100000000)
  region size 1024K, 6 young (6144K), 6 survivors (6144K)
 Metaspace       used 117586K, capacity 120627K, committed 120652K, reserved 1155072K
  class space    used 14781K, capacity 15929K, committed 15948K, reserved 1048576K
}
Event: 95.053 GC heap before
{Heap before GC invocations=58 (full 0):
 garbage-first heap   total 275456K, used 224016K [0x0000000080000000, 0x0000000100000000)
  region size 1024K, 83 young (84992K), 6 survivors (6144K)
 Metaspace       used 117698K, capacity 120664K, committed 121036K, reserved 1155072K
  class space    used 14752K, capacity 15883K, committed 16076K, reserved 1048576K
}
Event: 95.068 GC heap after
{Heap after GC invocations=59 (full 0):
 garbage-first heap   total 275456K, used 144704K [0x0000000080000000, 0x0000000100000000)
  region size 1024K, 6 young (6144K), 6 survivors (6144K)
 Metaspace       used 117698K, capacity 120664K, committed 121036K, reserved 1155072K
  class space    used 14752K, capacity 15883K, committed 16076K, reserved 1048576K
}
Event: 95.168 GC heap before
{Heap before GC invocations=59 (full 0):
 garbage-first heap   total 275456K, used 151872K [0x0000000080000000, 0x0000000100000000)
  region size 1024K, 13 young (13312K), 6 survivors (6144K)
 Metaspace       used 117744K, capacity 120728K, committed 121036K, reserved 1155072K
  class space    used 14758K, capacity 15883K, committed 16076K, reserved 1048576K
}
Event: 95.183 GC heap after
{Heap after GC invocations=60 (full 0):
 garbage-first heap   total 275456K, used 132611K [0x0000000080000000, 0x0000000100000000)
  region size 1024K, 2 young (2048K), 2 survivors (2048K)
 Metaspace       used 117744K, capacity 120728K, committed 121036K, reserved 1155072K
  class space    used 14758K, capacity 15883K, committed 16076K, reserved 1048576K
}
Event: 97.806 GC heap before
{Heap before GC invocations=60 (full 0):
 garbage-first heap   total 275456K, used 220675K [0x0000000080000000, 0x0000000100000000)
  region size 1024K, 88 young (90112K), 2 survivors (2048K)
 Metaspace       used 117826K, capacity 120758K, committed 121036K, reserved 1155072K
  class space    used 14764K, capacity 15893K, committed 16076K, reserved 1048576K
}
Event: 97.920 GC heap after
{Heap after GC invocations=61 (full 0):
 garbage-first heap   total 275456K, used 132607K [0x0000000080000000, 0x0000000100000000)
  region size 1024K, 2 young (2048K), 2 survivors (2048K)
 Metaspace       used 117826K, capacity 120758K, committed 121036K, reserved 1155072K
  class space    used 14764K, capacity 15893K, committed 16076K, reserved 1048576K
}
Event: 99.239 GC heap before
{Heap before GC invocations=62 (full 0):
 garbage-first heap   total 275456K, used 223743K [0x0000000080000000, 0x0000000100000000)
  region size 1024K, 91 young (93184K), 2 survivors (2048K)
 Metaspace       used 118088K, capacity 121092K, committed 121292K, reserved 1155072K
  class space    used 14800K, capacity 15939K, committed 16076K, reserved 1048576K
}
Event: 99.248 GC heap after
{Heap after GC invocations=63 (full 0):
 garbage-first heap   total 275456K, used 132739K [0x0000000080000000, 0x0000000100000000)
  region size 1024K, 2 young (2048K), 2 survivors (2048K)
 Metaspace       used 118088K, capacity 121092K, committed 121292K, reserved 1155072K
  class space    used 14800K, capacity 15939K, committed 16076K, reserved 1048576K
}
Event: 99.330 GC heap before
{Heap before GC invocations=63 (full 0):
 garbage-first heap   total 275456K, used 144003K [0x0000000080000000, 0x0000000100000000)
  region size 1024K, 13 young (13312K), 2 survivors (2048K)
 Metaspace       used 118090K, capacity 121092K, committed 121292K, reserved 1155072K
  class space    used 14800K, capacity 15939K, committed 16076K, reserved 1048576K
}
Event: 99.336 GC heap after
{Heap after GC invocations=64 (full 0):
 garbage-first heap   total 275456K, used 132452K [0x0000000080000000, 0x0000000100000000)
  region size 1024K, 2 young (2048K), 2 survivors (2048K)
 Metaspace       used 118090K, capacity 121092K, committed 121292K, reserved 1155072K
  class space    used 14800K, capacity 15939K, committed 16076K, reserved 1048576K
}
Event: 100.743 GC heap before
{Heap before GC invocations=64 (full 0):
 garbage-first heap   total 275456K, used 226660K [0x0000000080000000, 0x0000000100000000)
  region size 1024K, 94 young (96256K), 2 survivors (2048K)
 Metaspace       used 118155K, capacity 121101K, committed 121292K, reserved 1155072K
  class space    used 14800K, capacity 15939K, committed 16076K, reserved 1048576K
}
Event: 100.756 GC heap after
{Heap after GC invocations=65 (full 0):
 garbage-first heap   total 275456K, used 132518K [0x0000000080000000, 0x0000000100000000)
  region size 1024K, 2 young (2048K), 2 survivors (2048K)
 Metaspace       used 118155K, capacity 121101K, committed 121292K, reserved 1155072K
  class space    used 14800K, capacity 15939K, committed 16076K, reserved 1048576K
}
Event: 101.289 GC heap before
{Heap before GC invocations=65 (full 0):
 garbage-first heap   total 275456K, used 229798K [0x0000000080000000, 0x0000000100000000)
  region size 1024K, 97 young (99328K), 2 survivors (2048K)
 Metaspace       used 118190K, capacity 121170K, committed 121548K, reserved 1155072K
  class space    used 14803K, capacity 15940K, committed 16076K, reserved 1048576K
}
Event: 101.301 GC heap after
{Heap after GC invocations=66 (full 0):
 garbage-first heap   total 275456K, used 132927K [0x0000000080000000, 0x0000000100000000)
  region size 1024K, 2 young (2048K), 2 survivors (2048K)
 Metaspace       used 118190K, capacity 121170K, committed 121548K, reserved 1155072K
  class space    used 14803K, capacity 15940K, committed 16076K, reserved 1048576K
}
Event: 101.753 GC heap before
{Heap before GC invocations=67 (full 0):
 garbage-first heap   total 275456K, used 232255K [0x0000000080000000, 0x0000000100000000)
  region size 1024K, 99 young (101376K), 2 survivors (2048K)
 Metaspace       used 118211K, capacity 121170K, committed 121548K, reserved 1155072K
  class space    used 14803K, capacity 15940K, committed 16076K, reserved 1048576K
}
Event: 101.773 GC heap after
{Heap after GC invocations=68 (full 0):
 garbage-first heap   total 275456K, used 133738K [0x0000000080000000, 0x0000000100000000)
  region size 1024K, 3 young (3072K), 3 survivors (3072K)
 Metaspace       used 118211K, capacity 121170K, committed 121548K, reserved 1155072K
  class space    used 14803K, capacity 15940K, committed 16076K, reserved 1048576K
}
Event: 101.843 GC heap before
{Heap before GC invocations=68 (full 0):
 garbage-first heap   total 275456K, used 143978K [0x0000000080000000, 0x0000000100000000)
  region size 1024K, 13 young (13312K), 3 survivors (3072K)
 Metaspace       used 118211K, capacity 121170K, committed 121548K, reserved 1155072K
  class space    used 14803K, capacity 15940K, committed 16076K, reserved 1048576K
}
Event: 101.874 GC heap after
{Heap after GC invocations=69 (full 0):
 garbage-first heap   total 275456K, used 132545K [0x0000000080000000, 0x0000000100000000)
  region size 1024K, 2 young (2048K), 2 survivors (2048K)
 Metaspace       used 118211K, capacity 121170K, committed 121548K, reserved 1155072K
  class space    used 14803K, capacity 15940K, committed 16076K, reserved 1048576K
}

Deoptimization events (20 events):
Event: 101.843 Thread 0x0000018a5eb6b000 DEOPT PACKING pc=0x0000018a44a7e50e sp=0x0000002a1acf9ce0
Event: 101.843 Thread 0x0000018a5eb6b000 DEOPT UNPACKING pc=0x0000018a435f6dde sp=0x0000002a1acf9158 mode 0
Event: 101.883 Thread 0x0000018a5eb6b000 DEOPT PACKING pc=0x0000018a4619b76f sp=0x0000002a1acf8fd0
Event: 101.883 Thread 0x0000018a5eb6b000 DEOPT UNPACKING pc=0x0000018a435f6dde sp=0x0000002a1acf8608 mode 0
Event: 101.917 Thread 0x0000018a6096b000 DEOPT PACKING pc=0x0000018a44a7e50e sp=0x0000002a199f9ad0
Event: 101.917 Thread 0x0000018a6096b000 DEOPT UNPACKING pc=0x0000018a435f6dde sp=0x0000002a199f8f48 mode 0
Event: 102.108 Thread 0x0000018a6096b000 Uncommon trap: trap_request=0xffffff4d fr.pc=0x0000018a4bcfa1ac relative=0x0000000000000fec
Event: 102.108 Thread 0x0000018a6096b000 Uncommon trap: reason=unstable_if action=reinterpret pc=0x0000018a4bcfa1ac method=com.android.tools.r8.internal.iB0.a(Lcom/android/tools/r8/internal/eB0;Lcom/android/tools/r8/internal/eB0;)Z @ 121 c2
Event: 102.108 Thread 0x0000018a6096b000 DEOPT PACKING pc=0x0000018a4bcfa1ac sp=0x0000002a199f9340
Event: 102.108 Thread 0x0000018a6096b000 DEOPT UNPACKING pc=0x0000018a435f662f sp=0x0000002a199f90c0 mode 2
Event: 102.191 Thread 0x0000018a5eb6b000 Uncommon trap: trap_request=0xffffffbe fr.pc=0x0000018a4bda5b84 relative=0x0000000000006fe4
Event: 102.191 Thread 0x0000018a5eb6b000 Uncommon trap: reason=profile_predicate action=maybe_recompile pc=0x0000018a4bda5b84 method=com.android.tools.r8.ir.regalloc.b.c(IZ)I @ 979 c2
Event: 102.191 Thread 0x0000018a5eb6b000 DEOPT PACKING pc=0x0000018a4bda5b84 sp=0x0000002a1acf94e0
Event: 102.191 Thread 0x0000018a5eb6b000 DEOPT UNPACKING pc=0x0000018a435f662f sp=0x0000002a1acf94d8 mode 2
Event: 102.232 Thread 0x0000018a60955000 DEOPT PACKING pc=0x0000018a4619b76f sp=0x0000002a181f8f50
Event: 102.232 Thread 0x0000018a60955000 DEOPT UNPACKING pc=0x0000018a435f6dde sp=0x0000002a181f8590 mode 0
Event: 102.499 Thread 0x0000018a6096b000 Uncommon trap: trap_request=0xffffff4d fr.pc=0x0000018a4bd97bc0 relative=0x00000000000059c0
Event: 102.499 Thread 0x0000018a6096b000 Uncommon trap: reason=unstable_if action=reinterpret pc=0x0000018a4bd97bc0 method=com.android.tools.r8.internal.hI0.a(Lcom/android/tools/r8/internal/WR0;Lcom/android/tools/r8/internal/eB0;Ljava/util/function/Supplier;Ljava/util/Map;Ljava/util/function/Pre
Event: 102.499 Thread 0x0000018a6096b000 DEOPT PACKING pc=0x0000018a4bd97bc0 sp=0x0000002a199f9600
Event: 102.499 Thread 0x0000018a6096b000 DEOPT UNPACKING pc=0x0000018a435f662f sp=0x0000002a199f9608 mode 2

Classes redefined (0 events):
No events

Internal exceptions (20 events):
Event: 85.013 Thread 0x0000018a5eb6b000 Exception <a 'java/lang/NoSuchMethodError'{0x000000008c2492e8}: 'java.lang.Object java.lang.invoke.DirectMethodHandle$Holder.invokeVirtual(java.lang.Object, java.lang.Object, int, java.lang.Object)'> (0x000000008c2492e8) thrown at [./src/hotspot/share/interpreter/linkResolver.cpp, line 773]
Event: 85.013 Thread 0x0000018a60959800 Exception <a 'java/lang/NoSuchMethodError'{0x000000008c035588}: 'java.lang.Object java.lang.invoke.DirectMethodHandle$Holder.invokeVirtual(java.lang.Object, java.lang.Object, int, java.lang.Object)'> (0x000000008c035588) thrown at [./src/hotspot/share/interpreter/linkResolver.cpp, line 773]
Event: 85.073 Thread 0x0000018a60959800 Exception <a 'java/lang/IncompatibleClassChangeError'{0x000000008bddc068}: Found class java.lang.Object, but interface was expected> (0x000000008bddc068) thrown at [./src/hotspot/share/interpreter/linkResolver.cpp, line 839]
Event: 85.073 Thread 0x0000018a5eb6b000 Exception <a 'java/lang/IncompatibleClassChangeError'{0x000000008bdca078}: Found class java.lang.Object, but interface was expected> (0x000000008bdca078) thrown at [./src/hotspot/share/interpreter/linkResolver.cpp, line 839]
Event: 85.075 Thread 0x0000018a5eb6b000 Exception <a 'java/lang/IncompatibleClassChangeError'{0x000000008bdd4c40}: Found class java.lang.Object, but interface was expected> (0x000000008bdd4c40) thrown at [./src/hotspot/share/interpreter/linkResolver.cpp, line 839]
Event: 85.130 Thread 0x0000018a60959800 Exception <a 'java/lang/NoSuchMethodError'{0x000000008bb75410}: 'void java.lang.invoke.DirectMethodHandle$Holder.invokeVirtual(java.lang.Object, java.lang.Object, int, java.lang.Object)'> (0x000000008bb75410) thrown at [./src/hotspot/share/interpreter/linkResolver.cpp, line 773]
Event: 85.391 Thread 0x0000018a6096b000 Exception <a 'java/lang/NoSuchMethodError'{0x000000008b1f4100}: 'java.lang.Object java.lang.invoke.DirectMethodHandle$Holder.newInvokeSpecial(java.lang.Object, int)'> (0x000000008b1f4100) thrown at [./src/hotspot/share/interpreter/linkResolver.cpp, line 773]
Event: 85.391 Thread 0x0000018a5eb6b000 Exception <a 'java/lang/NoSuchMethodError'{0x000000008b012438}: 'java.lang.Object java.lang.invoke.DirectMethodHandle$Holder.newInvokeSpecial(java.lang.Object, int)'> (0x000000008b012438) thrown at [./src/hotspot/share/interpreter/linkResolver.cpp, line 773]
Event: 85.391 Thread 0x0000018a60959800 Exception <a 'java/lang/NoSuchMethodError'{0x000000008b084758}: 'java.lang.Object java.lang.invoke.DirectMethodHandle$Holder.newInvokeSpecial(java.lang.Object, int)'> (0x000000008b084758) thrown at [./src/hotspot/share/interpreter/linkResolver.cpp, line 773]
Event: 86.119 Thread 0x0000018a60959800 Exception <a 'java/lang/NoSuchMethodError'{0x0000000090502518}: 'java.lang.Object java.lang.invoke.Invokers$Holder.linkToTargetMethod(java.lang.Object, int, java.lang.Object, java.lang.Object, java.lang.Object, java.lang.Object)'> (0x0000000090502518) thrown at [./src/hotspot/share/interpreter/linkResolver.cpp, line 773]
Event: 86.122 Thread 0x0000018a60959800 Exception <a 'java/lang/NoSuchMethodError'{0x00000000905164e8}: 'java.lang.Object java.lang.invoke.Invokers$Holder.linkToTargetMethod(java.lang.Object, java.lang.Object, java.lang.Object, int, java.lang.Object, java.lang.Object, java.lang.Object)'> (0x00000000905164e8) thrown at [./src/hotspot/share/interpreter/linkResolver.cpp, line 773]
Event: 86.165 Thread 0x0000018a60959800 Exception <a 'java/lang/NoSuchMethodError'{0x000000009052b708}: 'void java.lang.invoke.DirectMethodHandle$Holder.invokeStatic(java.lang.Object, java.lang.Object, java.lang.Object, java.lang.Object, java.lang.Object, java.lang.Object, java.lang.Object, java.lang.Object)'> (0x000000009052b708) thrown at [./src/hotspot/share/interpreter/linkResolver.cpp, line 773]
Event: 86.445 Thread 0x0000018a60959800 Exception <a 'java/lang/IncompatibleClassChangeError'{0x000000008ff099c0}: Found class java.lang.Object, but interface was expected> (0x000000008ff099c0) thrown at [./src/hotspot/share/interpreter/linkResolver.cpp, line 839]
Event: 86.734 Thread 0x0000018a60959800 Exception <a 'java/lang/NoSuchMethodError'{0x000000008f912bd8}: 'void java.lang.invoke.DirectMethodHandle$Holder.invokeVirtual(java.lang.Object, java.lang.Object, int)'> (0x000000008f912bd8) thrown at [./src/hotspot/share/interpreter/linkResolver.cpp, line 773]
Event: 86.926 Thread 0x0000018a60959800 Exception <a 'sun/nio/fs/WindowsException'{0x000000008f89ad00}> (0x000000008f89ad00) thrown at [./src/hotspot/share/prims/jni.cpp, line 615]
Event: 87.400 Thread 0x0000018a60955000 Exception <a 'sun/nio/fs/WindowsException'{0x000000008e60d6a0}> (0x000000008e60d6a0) thrown at [./src/hotspot/share/prims/jni.cpp, line 615]
Event: 94.279 Thread 0x0000018a60955000 Exception <a 'java/lang/NoSuchMethodError'{0x000000008f556a38}: 'int java.lang.invoke.DirectMethodHandle$Holder.invokeInterface(java.lang.Object, java.lang.Object, int)'> (0x000000008f556a38) thrown at [./src/hotspot/share/interpreter/linkResolver.cpp, line 773]
Event: 98.927 Thread 0x0000018a5eb6b000 Exception <a 'java/lang/NoSuchMethodError'{0x000000008d6a7420}: 'java.lang.Object java.lang.invoke.DirectMethodHandle$Holder.invokeSpecial(java.lang.Object, java.lang.Object, java.lang.Object, java.lang.Object, java.lang.Object, java.lang.Object, java.lang.Object, java.lang.Object, java.lang.Object, java.lang.Object, java.lang.Object)'> (0x000000008d6a7420) thrown at [./src/hotspot/share/interpreter/linkResolver.cpp, line 773]
Event: 98.929 Thread 0x0000018a5eb6b000 Exception <a 'java/lang/NoSuchMethodError'{0x000000008d6b3280}: 'java.lang.Object java.lang.invoke.Invokers$Holder.linkToTargetMethod(java.lang.Object, java.lang.Object, java.lang.Object, java.lang.Object, java.lang.Object, java.lang.Object, java.lang.Object, java.lang.Object, java.lang.Object, java.lang.Object)'> (0x000000008d6b3280) thrown at [./src/hotspot/share/interpreter/linkResolver.cpp, line 773]
Event: 99.099 Thread 0x0000018a5eb6b000 Exception <a 'java/lang/IncompatibleClassChangeError'{0x000000008c984278}: Found class java.lang.Object, but interface was expected> (0x000000008c984278) thrown at [./src/hotspot/share/interpreter/linkResolver.cpp, line 839]

Events (20 events):
Event: 100.981 loading class com/android/tools/r8/code/y0
Event: 100.981 loading class com/android/tools/r8/code/y0 done
Event: 101.239 Executing VM operation: CGC_Operation
Event: 101.261 Executing VM operation: CGC_Operation done
Event: 101.262 loading class com/android/tools/r8/code/x0
Event: 101.262 loading class com/android/tools/r8/code/x0 done
Event: 101.268 loading class com/android/tools/r8/internal/BU0
Event: 101.268 loading class com/android/tools/r8/internal/BU0 done
Event: 101.268 loading class com/android/tools/r8/internal/BU0
Event: 101.268 loading class com/android/tools/r8/internal/BU0 done
Event: 101.268 loading class com/android/tools/r8/internal/BU0
Event: 101.268 loading class com/android/tools/r8/internal/BU0 done
Event: 101.288 Executing VM operation: G1CollectForAllocation
Event: 101.301 Executing VM operation: G1CollectForAllocation done
Event: 101.536 Executing VM operation: CGC_Operation
Event: 101.537 Executing VM operation: CGC_Operation done
Event: 101.753 Executing VM operation: G1CollectForAllocation
Event: 101.773 Executing VM operation: G1CollectForAllocation done
Event: 101.843 Executing VM operation: G1CollectForAllocation
Event: 101.874 Executing VM operation: G1CollectForAllocation done


Dynamic libraries:
0x00007ff6362e0000 - 0x00007ff6362ea000 	F:\Android\jre\bin\java.exe
0x00007ffbfcb90000 - 0x00007ffbfcd85000 	C:\WINDOWS\SYSTEM32\ntdll.dll
0x00007ffbfb920000 - 0x00007ffbfb9de000 	C:\WINDOWS\System32\KERNEL32.DLL
0x00007ffbfa910000 - 0x00007ffbfabd8000 	C:\WINDOWS\System32\KERNELBASE.dll
0x00007ffbfa2a0000 - 0x00007ffbfa3a0000 	C:\WINDOWS\System32\ucrtbase.dll
0x00007ffbf3df0000 - 0x00007ffbf3e07000 	F:\Android\jre\bin\VCRUNTIME140.dll
0x00007ffbf3da0000 - 0x00007ffbf3db9000 	F:\Android\jre\bin\jli.dll
0x00007ffbfb9f0000 - 0x00007ffbfbb90000 	C:\WINDOWS\System32\USER32.dll
0x00007ffbe65c0000 - 0x00007ffbe685a000 	C:\WINDOWS\WinSxS\amd64_microsoft.windows.common-controls_6595b64144ccf1df_6.0.19041.1110_none_60b5254171f9507e\COMCTL32.dll
0x00007ffbfbd00000 - 0x00007ffbfbd9e000 	C:\WINDOWS\System32\msvcrt.dll
0x00007ffbfa8e0000 - 0x00007ffbfa902000 	C:\WINDOWS\System32\win32u.dll
0x00007ffbfbed0000 - 0x00007ffbfbefb000 	C:\WINDOWS\System32\GDI32.dll
0x00007ffbfa580000 - 0x00007ffbfa68d000 	C:\WINDOWS\System32\gdi32full.dll
0x00007ffbfa690000 - 0x00007ffbfa72d000 	C:\WINDOWS\System32\msvcp_win.dll
0x00007ffbfb8e0000 - 0x00007ffbfb910000 	C:\WINDOWS\System32\IMM32.DLL
0x00007ffbc4d20000 - 0x00007ffbc4dbd000 	F:\Android\jre\bin\msvcp140.dll
0x00007ffbac440000 - 0x00007ffbacf15000 	F:\Android\jre\bin\server\jvm.dll
0x00007ffbfb600000 - 0x00007ffbfb6ae000 	C:\WINDOWS\System32\ADVAPI32.dll
0x00007ffbfac00000 - 0x00007ffbfac9c000 	C:\WINDOWS\System32\sechost.dll
0x00007ffbfaf70000 - 0x00007ffbfb095000 	C:\WINDOWS\System32\RPCRT4.dll
0x00007ffbfb9e0000 - 0x00007ffbfb9e8000 	C:\WINDOWS\System32\PSAPI.DLL
0x00007ffbe6fa0000 - 0x00007ffbe6fc7000 	C:\WINDOWS\SYSTEM32\WINMM.dll
0x00007ffbf0220000 - 0x00007ffbf022a000 	C:\WINDOWS\SYSTEM32\VERSION.dll
0x00007ffbf5340000 - 0x00007ffbf5349000 	C:\WINDOWS\SYSTEM32\WSOCK32.dll
0x00007ffbfc650000 - 0x00007ffbfc6bb000 	C:\WINDOWS\System32\WS2_32.dll
0x00007ffbf8b00000 - 0x00007ffbf8b12000 	C:\WINDOWS\SYSTEM32\kernel.appcore.dll
0x00007ffbf2460000 - 0x00007ffbf2471000 	F:\Android\jre\bin\verify.dll
0x00007ffbf8660000 - 0x00007ffbf8844000 	C:\WINDOWS\SYSTEM32\DBGHELP.DLL
0x00007ffbea030000 - 0x00007ffbea05c000 	C:\WINDOWS\SYSTEM32\dbgcore.DLL
0x00007ffbfa7e0000 - 0x00007ffbfa862000 	C:\WINDOWS\System32\bcryptPrimitives.dll
0x00007ffbf0410000 - 0x00007ffbf0439000 	F:\Android\jre\bin\java.dll
0x00007ffbf5070000 - 0x00007ffbf507b000 	F:\Android\jre\bin\jimage.dll
0x00007ffbf21d0000 - 0x00007ffbf21e8000 	F:\Android\jre\bin\zip.dll
0x00007ffbfbf00000 - 0x00007ffbfc644000 	C:\WINDOWS\System32\SHELL32.dll
0x00007ffbf7550000 - 0x00007ffbf7ce4000 	C:\WINDOWS\SYSTEM32\windows.storage.dll
0x00007ffbfc6c0000 - 0x00007ffbfca15000 	C:\WINDOWS\System32\combase.dll
0x00007ffbf9cf0000 - 0x00007ffbf9d1e000 	C:\WINDOWS\SYSTEM32\Wldp.dll
0x00007ffbfb770000 - 0x00007ffbfb81d000 	C:\WINDOWS\System32\SHCORE.dll
0x00007ffbfb520000 - 0x00007ffbfb575000 	C:\WINDOWS\System32\shlwapi.dll
0x00007ffbfa1e0000 - 0x00007ffbfa1ff000 	C:\WINDOWS\SYSTEM32\profapi.dll
0x00007ffbf2180000 - 0x00007ffbf219a000 	F:\Android\jre\bin\net.dll
0x00007ffbec7e0000 - 0x00007ffbec8ec000 	C:\WINDOWS\SYSTEM32\WINHTTP.dll
0x00007ffbf9a50000 - 0x00007ffbf9aba000 	C:\WINDOWS\system32\mswsock.dll
0x00007ffbf2050000 - 0x00007ffbf2064000 	F:\Android\jre\bin\nio.dll
0x00007ffbf22a0000 - 0x00007ffbf22c7000 	C:\Users\varun\.gradle\native\e1d6ef7f7dcc3fd88c89a11ec53ec762bb8ba0a96d01ffa2cd45eb1d1d8dd5c5\windows-amd64\native-platform.dll
0x00007ffbc42d0000 - 0x00007ffbc4414000 	C:\Users\varun\.gradle\native\5664cfc778a61ccfe75a443a1ab52a65af34e5dc3c78e0209fed803814484fcb\windows-amd64\native-platform-file-events.dll
0x00007ffbf5330000 - 0x00007ffbf533a000 	F:\Android\jre\bin\management.dll
0x00007ffbf4480000 - 0x00007ffbf448d000 	F:\Android\jre\bin\management_ext.dll
0x00007ffbf9c40000 - 0x00007ffbf9c58000 	C:\WINDOWS\SYSTEM32\CRYPTSP.dll
0x00007ffbf9360000 - 0x00007ffbf9394000 	C:\WINDOWS\system32\rsaenh.dll
0x00007ffbfa550000 - 0x00007ffbfa577000 	C:\WINDOWS\System32\bcrypt.dll
0x00007ffbfa1a0000 - 0x00007ffbfa1ce000 	C:\WINDOWS\SYSTEM32\USERENV.dll
0x00007ffbf9c60000 - 0x00007ffbf9c6c000 	C:\WINDOWS\SYSTEM32\CRYPTBASE.dll
0x00007ffbf96f0000 - 0x00007ffbf972b000 	C:\WINDOWS\SYSTEM32\IPHLPAPI.DLL
0x00007ffbfb910000 - 0x00007ffbfb918000 	C:\WINDOWS\System32\NSI.dll
0x00007ffbf0180000 - 0x00007ffbf0197000 	C:\WINDOWS\SYSTEM32\dhcpcsvc6.DLL
0x00007ffbf0160000 - 0x00007ffbf017d000 	C:\WINDOWS\SYSTEM32\dhcpcsvc.DLL
0x00007ffbf9730000 - 0x00007ffbf97fb000 	C:\WINDOWS\SYSTEM32\DNSAPI.dll
0x00007ffbabfe0000 - 0x00007ffbac185000 	F:\Android\jre\bin\awt.dll
0x00007ffbfca80000 - 0x00007ffbfcb4d000 	C:\WINDOWS\System32\OLEAUT32.dll
0x00007ffbf6fa0000 - 0x00007ffbf6fcf000 	C:\WINDOWS\SYSTEM32\dwmapi.dll
0x00007ffbf6760000 - 0x00007ffbf67f0000 	C:\WINDOWS\SYSTEM32\apphelp.dll
0x00007ffbf6850000 - 0x00007ffbf68ee000 	C:\WINDOWS\system32\uxtheme.dll
0x00007ffbf8f70000 - 0x00007ffbf8fa3000 	C:\WINDOWS\SYSTEM32\ntmarta.dll

dbghelp: loaded successfully - version: 4.0.5 - missing functions: none
symbol engine: initialized successfully - sym options: 0x614 - pdb path: .;F:\Android\jre\bin;C:\WINDOWS\SYSTEM32;C:\WINDOWS\WinSxS\amd64_microsoft.windows.common-controls_6595b64144ccf1df_6.0.19041.1110_none_60b5254171f9507e;F:\Android\jre\bin\server;C:\Users\varun\.gradle\native\e1d6ef7f7dcc3fd88c89a11ec53ec762bb8ba0a96d01ffa2cd45eb1d1d8dd5c5\windows-amd64;C:\Users\varun\.gradle\native\5664cfc778a61ccfe75a443a1ab52a65af34e5dc3c78e0209fed803814484fcb\windows-amd64

VM Arguments:
jvm_args: --add-opens=java.base/java.util=ALL-UNNAMED --add-opens=java.base/java.lang=ALL-UNNAMED --add-opens=java.base/java.lang.invoke=ALL-UNNAMED --add-opens=java.base/java.util=ALL-UNNAMED --add-opens=java.prefs/java.util.prefs=ALL-UNNAMED --add-opens=java.prefs/java.util.prefs=ALL-UNNAMED --add-opens=java.base/java.nio.charset=ALL-UNNAMED --add-opens=java.base/java.net=ALL-UNNAMED --add-opens=java.base/java.util.concurrent.atomic=ALL-UNNAMED -Xmx2048m -Dfile.encoding=UTF-8 -Duser.country=IN -Duser.language=en -Duser.variant 
java_command: org.gradle.launcher.daemon.bootstrap.GradleDaemon 7.2
java_class_path (initial): C:\Users\varun\.gradle\wrapper\dists\gradle-7.2-bin\2dnblmf4td7x66yl1d74lt32g\gradle-7.2\lib\gradle-launcher-7.2.jar
Launcher Type: SUN_STANDARD

[Global flags]
     intx CICompilerCount                          = 4                                         {product} {ergonomic}
     uint ConcGCThreads                            = 2                                         {product} {ergonomic}
     uint G1ConcRefinementThreads                  = 8                                         {product} {ergonomic}
   size_t G1HeapRegionSize                         = 1048576                                   {product} {ergonomic}
    uintx GCDrainStackTargetSize                   = 64                                        {product} {ergonomic}
   size_t InitialHeapSize                          = 132120576                                 {product} {ergonomic}
   size_t MarkStackSize                            = 4194304                                   {product} {ergonomic}
   size_t MaxHeapSize                              = 2147483648                                {product} {command line}
   size_t MaxNewSize                               = 1287651328                                {product} {ergonomic}
   size_t MinHeapDeltaBytes                        = 1048576                                   {product} {ergonomic}
    uintx NonNMethodCodeHeapSize                   = 5836300                                {pd product} {ergonomic}
    uintx NonProfiledCodeHeapSize                  = 122910970                              {pd product} {ergonomic}
    uintx ProfiledCodeHeapSize                     = 122910970                              {pd product} {ergonomic}
    uintx ReservedCodeCacheSize                    = 251658240                              {pd product} {ergonomic}
     bool SegmentedCodeCache                       = true                                      {product} {ergonomic}
     bool UseCompressedClassPointers               = true                                 {lp64_product} {ergonomic}
     bool UseCompressedOops                        = true                                 {lp64_product} {ergonomic}
     bool UseG1GC                                  = true                                      {product} {ergonomic}
     bool UseLargePagesIndividualAllocation        = false                                  {pd product} {ergonomic}

Logging:
Log output configuration:
 #0: stdout all=warning uptime,level,tags
 #1: stderr all=off uptime,level,tags

Environment Variables:
PATH=C:\Program Files (x86)\Common Files\Oracle\Java\javapath;C:\WINDOWS\system32;C:\WINDOWS;C:\WINDOWS\System32\Wbem;C:\WINDOWS\System32\WindowsPowerShell\v1.0\;C:\WINDOWS\System32\OpenSSH\;C:\Program Files\dotnet\;C:\Program Files\Microsoft SQL Server\130\Tools\Binn\;C:\Program Files\Java\jdk1.8.0_261\bin;C:\Program Files (x86)\dotnet\;C:\Program Files (x86)\NVIDIA Corporation\PhysX\Common;C:\Program Files\NVIDIA Corporation\NVIDIA NvDLISR;c:\Program Files (x86)\Intel\Intel(R) Management Engine Components\DAL;c:\Program Files\Intel\Intel(R) Management Engine Components\DAL;C:\Program Files\Git\cmd;C:\MinGW\bin;C:\Program Files\Microsoft SQL Server\Client SDK\ODBC\170\Tools\Binn\;C:\Program Files (x86)\Microsoft SQL Server\150\Tools\Binn\;C:\Program Files\Microsoft SQL Server\150\Tools\Binn\;C:\Program Files\Microsoft SQL Server\150\DTS\Binn\;C:\Program Files (x86)\Microsoft SQL Server\150\DTS\Binn\;C:\Program Files\Azure Data Studio\bin;C:\Program Files\nodejs\;C:\Program Files\MongoDB\Server\4.4\bin;C:\Users\varun\AppData\Local\Microsoft\WindowsApps;C:\Users\varun\.dotnet\tools;C:\Users\varun\AppData\Local\Programs\Microsoft VS Code\bin;C:\Users\varun\.dotnet\tools;C:\Program Files\Azure Data Studio\bin;C:\Users\varun\AppData\Roaming\npm
USERNAME=varun
OS=Windows_NT
PROCESSOR_IDENTIFIER=Intel64 Family 6 Model 142 Stepping 10, GenuineIntel



---------------  S Y S T E M  ---------------

OS: Windows 10 , 64 bit Build 19041 (10.0.19041.1503)
OS uptime: 5 days 12:59 hours

CPU:total 8 (initial active 8) (4 cores per cpu, 2 threads per core) family 6 model 142 stepping 10 microcode 0xc6, cmov, cx8, fxsr, mmx, sse, sse2, sse3, ssse3, sse4.1, sse4.2, popcnt, avx, avx2, aes, clmul, erms, 3dnowpref, lzcnt, ht, tsc, tscinvbit, bmi1, bmi2, adx, fma

Memory: 4k page, system-wide physical 8058M (499M free)
TotalPageFile size 16250M (AvailPageFile size 0M)
current process WorkingSet (physical memory assigned to process): 506M, peak: 547M
current process commit charge ("private bytes"): 725M, peak: 735M

vm_info: OpenJDK 64-Bit Server VM (11.0.11+9-b60-7590822) for windows-amd64 JRE (11.0.11+9-b60-7590822), built on Jul 29 2021 21:43:44 by "builder" with MS VC++ 14.0 (VS2015)

END.
